[0.544s] Invoking command in '/root/ws/ROS2Package/build/turtlebot3_description': CMAKE_PREFIX_PATH=/opt/ros/foxy /usr/bin/cmake /root/ws/ROS2Package/turtlebot3_description -DCMAKE_INSTALL_PREFIX=/root/ws/ROS2Package/install/turtlebot3_description
[0.922s] -- Found ament_cmake: 0.9.12 (/opt/ros/foxy/share/ament_cmake/cmake)
[0.923s] -- Using PYTHON_EXECUTABLE: /usr/bin/python3
[0.923s] -- Override CMake install command with custom implementation using symlinks instead of copying resources
[0.923s] -- Found urdf: 2.4.0 (/opt/ros/foxy/share/urdf/cmake)
[0.923s] -- Found ament_lint_auto: 0.9.8 (/opt/ros/foxy/share/ament_lint_auto/cmake)
[0.923s] -- Configuring done
[0.923s] -- Generating done
[0.923s] -- Build files have been written to: /root/ws/ROS2Package/build/turtlebot3_description
[0.926s] Invoked command in '/root/ws/ROS2Package/build/turtlebot3_description' returned '0': CMAKE_PREFIX_PATH=/opt/ros/foxy /usr/bin/cmake /root/ws/ROS2Package/turtlebot3_description -DCMAKE_INSTALL_PREFIX=/root/ws/ROS2Package/install/turtlebot3_description
[0.929s] Invoking command in '/root/ws/ROS2Package/build/turtlebot3_description': CMAKE_PREFIX_PATH=/opt/ros/foxy /usr/bin/cmake --build /root/ws/ROS2Package/build/turtlebot3_description -- -j8 -l8
[0.983s] Invoked command in '/root/ws/ROS2Package/build/turtlebot3_description' returned '0': CMAKE_PREFIX_PATH=/opt/ros/foxy /usr/bin/cmake --build /root/ws/ROS2Package/build/turtlebot3_description -- -j8 -l8
[1.037s] Invoking command in '/root/ws/ROS2Package/build/turtlebot3_description': CMAKE_PREFIX_PATH=/opt/ros/foxy /usr/bin/cmake --install /root/ws/ROS2Package/build/turtlebot3_description
[1.049s] -- Install configuration: ""
[1.049s] -- Execute custom install script
[1.051s] -- Up-to-date symlink: /root/ws/ROS2Package/install/turtlebot3_description/share/turtlebot3_description/meshes/bases/burger_base.prefab
[1.055s] -- Up-to-date symlink: /root/ws/ROS2Package/install/turtlebot3_description/share/turtlebot3_description/meshes/bases/burger_base.prefab.meta
[1.055s] -- Up-to-date symlink: /root/ws/ROS2Package/install/turtlebot3_description/share/turtlebot3_description/meshes/bases/burger_base.stl
[1.055s] -- Up-to-date symlink: /root/ws/ROS2Package/install/turtlebot3_description/share/turtlebot3_description/meshes/bases/burger_base.stl.meta
[1.055s] -- Up-to-date symlink: /root/ws/ROS2Package/install/turtlebot3_description/share/turtlebot3_description/meshes/bases/burger_base_0.asset
[1.055s] -- Up-to-date symlink: /root/ws/ROS2Package/install/turtlebot3_description/share/turtlebot3_description/meshes/bases/burger_base_0.asset.meta
[1.055s] -- Up-to-date symlink: /root/ws/ROS2Package/install/turtlebot3_description/share/turtlebot3_description/meshes/bases/burger_base_1.asset
[1.055s] -- Up-to-date symlink: /root/ws/ROS2Package/install/turtlebot3_description/share/turtlebot3_description/meshes/bases/burger_base_1.asset.meta
[1.055s] -- Up-to-date symlink: /root/ws/ROS2Package/install/turtlebot3_description/share/turtlebot3_description/meshes/bases/burger_base_2.asset
[1.055s] -- Up-to-date symlink: /root/ws/ROS2Package/install/turtlebot3_description/share/turtlebot3_description/meshes/bases/burger_base_2.asset.meta
[1.055s] -- Up-to-date symlink: /root/ws/ROS2Package/install/turtlebot3_description/share/turtlebot3_description/meshes/bases/burger_base_3.asset
[1.055s] -- Up-to-date symlink: /root/ws/ROS2Package/install/turtlebot3_description/share/turtlebot3_description/meshes/bases/burger_base_3.asset.meta
[1.055s] -- Up-to-date symlink: /root/ws/ROS2Package/install/turtlebot3_description/share/turtlebot3_description/meshes/bases/burger_base_4.asset
[1.056s] -- Up-to-date symlink: /root/ws/ROS2Package/install/turtlebot3_description/share/turtlebot3_description/meshes/bases/burger_base_4.asset.meta
[1.056s] -- Up-to-date symlink: /root/ws/ROS2Package/install/turtlebot3_description/share/turtlebot3_description/meshes/bases/waffle_base.prefab
[1.056s] -- Up-to-date symlink: /root/ws/ROS2Package/install/turtlebot3_description/share/turtlebot3_description/meshes/bases/waffle_base.prefab.meta
[1.056s] -- Up-to-date symlink: /root/ws/ROS2Package/install/turtlebot3_description/share/turtlebot3_description/meshes/bases/waffle_base.stl
[1.056s] -- Up-to-date symlink: /root/ws/ROS2Package/install/turtlebot3_description/share/turtlebot3_description/meshes/bases/waffle_base.stl.meta
[1.056s] -- Up-to-date symlink: /root/ws/ROS2Package/install/turtlebot3_description/share/turtlebot3_description/meshes/bases/waffle_base_0.asset
[1.058s] -- Up-to-date symlink: /root/ws/ROS2Package/install/turtlebot3_description/share/turtlebot3_description/meshes/bases/waffle_base_0.asset.meta
[1.060s] -- Up-to-date symlink: /root/ws/ROS2Package/install/turtlebot3_description/share/turtlebot3_description/meshes/bases/waffle_base_1.asset
[1.060s] -- Up-to-date symlink: /root/ws/ROS2Package/install/turtlebot3_description/share/turtlebot3_description/meshes/bases/waffle_base_1.asset.meta
[1.060s] -- Up-to-date symlink: /root/ws/ROS2Package/install/turtlebot3_description/share/turtlebot3_description/meshes/bases/waffle_base_10.asset
[1.061s] -- Up-to-date symlink: /root/ws/ROS2Package/install/turtlebot3_description/share/turtlebot3_description/meshes/bases/waffle_base_10.asset.meta
[1.061s] -- Up-to-date symlink: /root/ws/ROS2Package/install/turtlebot3_description/share/turtlebot3_description/meshes/bases/waffle_base_11.asset
[1.061s] -- Up-to-date symlink: /root/ws/ROS2Package/install/turtlebot3_description/share/turtlebot3_description/meshes/bases/waffle_base_11.asset.meta
[1.061s] -- Up-to-date symlink: /root/ws/ROS2Package/install/turtlebot3_description/share/turtlebot3_description/meshes/bases/waffle_base_12.asset
[1.061s] -- Up-to-date symlink: /root/ws/ROS2Package/install/turtlebot3_description/share/turtlebot3_description/meshes/bases/waffle_base_12.asset.meta
[1.061s] -- Up-to-date symlink: /root/ws/ROS2Package/install/turtlebot3_description/share/turtlebot3_description/meshes/bases/waffle_base_13.asset
[1.061s] -- Up-to-date symlink: /root/ws/ROS2Package/install/turtlebot3_description/share/turtlebot3_description/meshes/bases/waffle_base_13.asset.meta
[1.061s] -- Up-to-date symlink: /root/ws/ROS2Package/install/turtlebot3_description/share/turtlebot3_description/meshes/bases/waffle_base_14.asset
[1.062s] -- Up-to-date symlink: /root/ws/ROS2Package/install/turtlebot3_description/share/turtlebot3_description/meshes/bases/waffle_base_14.asset.meta
[1.062s] -- Up-to-date symlink: /root/ws/ROS2Package/install/turtlebot3_description/share/turtlebot3_description/meshes/bases/waffle_base_2.asset
[1.062s] -- Up-to-date symlink: /root/ws/ROS2Package/install/turtlebot3_description/share/turtlebot3_description/meshes/bases/waffle_base_2.asset.meta
[1.062s] -- Up-to-date symlink: /root/ws/ROS2Package/install/turtlebot3_description/share/turtlebot3_description/meshes/bases/waffle_base_3.asset
[1.062s] -- Up-to-date symlink: /root/ws/ROS2Package/install/turtlebot3_description/share/turtlebot3_description/meshes/bases/waffle_base_3.asset.meta
[1.062s] -- Up-to-date symlink: /root/ws/ROS2Package/install/turtlebot3_description/share/turtlebot3_description/meshes/bases/waffle_base_4.asset
[1.064s] -- Up-to-date symlink: /root/ws/ROS2Package/install/turtlebot3_description/share/turtlebot3_description/meshes/bases/waffle_base_4.asset.meta
[1.066s] -- Up-to-date symlink: /root/ws/ROS2Package/install/turtlebot3_description/share/turtlebot3_description/meshes/bases/waffle_base_5.asset
[1.068s] -- Up-to-date symlink: /root/ws/ROS2Package/install/turtlebot3_description/share/turtlebot3_description/meshes/bases/waffle_base_5.asset.meta
[1.072s] -- Up-to-date symlink: /root/ws/ROS2Package/install/turtlebot3_description/share/turtlebot3_description/meshes/bases/waffle_base_6.asset
[1.075s] -- Up-to-date symlink: /root/ws/ROS2Package/install/turtlebot3_description/share/turtlebot3_description/meshes/bases/waffle_base_6.asset.meta
[1.076s] -- Up-to-date symlink: /root/ws/ROS2Package/install/turtlebot3_description/share/turtlebot3_description/meshes/bases/waffle_base_7.asset
[1.076s] -- Up-to-date symlink: /root/ws/ROS2Package/install/turtlebot3_description/share/turtlebot3_description/meshes/bases/waffle_base_7.asset.meta
[1.076s] -- Up-to-date symlink: /root/ws/ROS2Package/install/turtlebot3_description/share/turtlebot3_description/meshes/bases/waffle_base_8.asset
[1.076s] -- Up-to-date symlink: /root/ws/ROS2Package/install/turtlebot3_description/share/turtlebot3_description/meshes/bases/waffle_base_8.asset.meta
[1.076s] -- Up-to-date symlink: /root/ws/ROS2Package/install/turtlebot3_description/share/turtlebot3_description/meshes/bases/waffle_base_9.asset
[1.076s] -- Up-to-date symlink: /root/ws/ROS2Package/install/turtlebot3_description/share/turtlebot3_description/meshes/bases/waffle_base_9.asset.meta
[1.077s] -- Up-to-date symlink: /root/ws/ROS2Package/install/turtlebot3_description/share/turtlebot3_description/meshes/bases/waffle_pi_base.prefab
[1.077s] -- Up-to-date symlink: /root/ws/ROS2Package/install/turtlebot3_description/share/turtlebot3_description/meshes/bases/waffle_pi_base.prefab.meta
[1.077s] -- Up-to-date symlink: /root/ws/ROS2Package/install/turtlebot3_description/share/turtlebot3_description/meshes/bases/waffle_pi_base.stl
[1.077s] -- Up-to-date symlink: /root/ws/ROS2Package/install/turtlebot3_description/share/turtlebot3_description/meshes/bases/waffle_pi_base.stl.meta
[1.077s] -- Up-to-date symlink: /root/ws/ROS2Package/install/turtlebot3_description/share/turtlebot3_description/meshes/bases/waffle_pi_base_0.asset
[1.077s] -- Up-to-date symlink: /root/ws/ROS2Package/install/turtlebot3_description/share/turtlebot3_description/meshes/bases/waffle_pi_base_0.asset.meta
[1.077s] -- Up-to-date symlink: /root/ws/ROS2Package/install/turtlebot3_description/share/turtlebot3_description/meshes/bases/waffle_pi_base_1.asset
[1.077s] -- Up-to-date symlink: /root/ws/ROS2Package/install/turtlebot3_description/share/turtlebot3_description/meshes/bases/waffle_pi_base_1.asset.meta
[1.077s] -- Up-to-date symlink: /root/ws/ROS2Package/install/turtlebot3_description/share/turtlebot3_description/meshes/bases/waffle_pi_base_2.asset
[1.077s] -- Up-to-date symlink: /root/ws/ROS2Package/install/turtlebot3_description/share/turtlebot3_description/meshes/bases/waffle_pi_base_2.asset.meta
[1.077s] -- Up-to-date symlink: /root/ws/ROS2Package/install/turtlebot3_description/share/turtlebot3_description/meshes/bases/waffle_pi_base_3.asset
[1.077s] -- Up-to-date symlink: /root/ws/ROS2Package/install/turtlebot3_description/share/turtlebot3_description/meshes/bases/waffle_pi_base_3.asset.meta
[1.078s] -- Up-to-date symlink: /root/ws/ROS2Package/install/turtlebot3_description/share/turtlebot3_description/meshes/bases/waffle_pi_base_4.asset
[1.078s] -- Up-to-date symlink: /root/ws/ROS2Package/install/turtlebot3_description/share/turtlebot3_description/meshes/bases/waffle_pi_base_4.asset.meta
[1.078s] -- Up-to-date symlink: /root/ws/ROS2Package/install/turtlebot3_description/share/turtlebot3_description/meshes/bases/waffle_pi_base_5.asset
[1.078s] -- Up-to-date symlink: /root/ws/ROS2Package/install/turtlebot3_description/share/turtlebot3_description/meshes/bases/waffle_pi_base_5.asset.meta
[1.078s] -- Up-to-date symlink: /root/ws/ROS2Package/install/turtlebot3_description/share/turtlebot3_description/meshes/bases/waffle_pi_base_6.asset
[1.078s] -- Up-to-date symlink: /root/ws/ROS2Package/install/turtlebot3_description/share/turtlebot3_description/meshes/bases/waffle_pi_base_6.asset.meta
[1.078s] -- Up-to-date symlink: /root/ws/ROS2Package/install/turtlebot3_description/share/turtlebot3_description/meshes/bases/waffle_pi_base_7.asset
[1.079s] -- Up-to-date symlink: /root/ws/ROS2Package/install/turtlebot3_description/share/turtlebot3_description/meshes/bases/waffle_pi_base_7.asset.meta
[1.079s] -- Up-to-date symlink: /root/ws/ROS2Package/install/turtlebot3_description/share/turtlebot3_description/meshes/sensors/astra.dae
[1.079s] -- Up-to-date symlink: /root/ws/ROS2Package/install/turtlebot3_description/share/turtlebot3_description/meshes/sensors/astra.dae.meta
[1.079s] -- Up-to-date symlink: /root/ws/ROS2Package/install/turtlebot3_description/share/turtlebot3_description/meshes/sensors/astra.jpg
[1.079s] -- Up-to-date symlink: /root/ws/ROS2Package/install/turtlebot3_description/share/turtlebot3_description/meshes/sensors/astra.jpg.meta
[1.079s] -- Up-to-date symlink: /root/ws/ROS2Package/install/turtlebot3_description/share/turtlebot3_description/meshes/sensors/lds.prefab
[1.079s] -- Up-to-date symlink: /root/ws/ROS2Package/install/turtlebot3_description/share/turtlebot3_description/meshes/sensors/lds.prefab.meta
[1.079s] -- Up-to-date symlink: /root/ws/ROS2Package/install/turtlebot3_description/share/turtlebot3_description/meshes/sensors/lds.stl
[1.080s] -- Up-to-date symlink: /root/ws/ROS2Package/install/turtlebot3_description/share/turtlebot3_description/meshes/sensors/lds.stl.meta
[1.080s] -- Up-to-date symlink: /root/ws/ROS2Package/install/turtlebot3_description/share/turtlebot3_description/meshes/sensors/lds_0.asset
[1.080s] -- Up-to-date symlink: /root/ws/ROS2Package/install/turtlebot3_description/share/turtlebot3_description/meshes/sensors/lds_0.asset.meta
[1.080s] -- Up-to-date symlink: /root/ws/ROS2Package/install/turtlebot3_description/share/turtlebot3_description/meshes/sensors/r200.dae
[1.080s] -- Up-to-date symlink: /root/ws/ROS2Package/install/turtlebot3_description/share/turtlebot3_description/meshes/sensors/r200.dae.meta
[1.080s] -- Up-to-date symlink: /root/ws/ROS2Package/install/turtlebot3_description/share/turtlebot3_description/meshes/sensors/r200.jpg
[1.080s] -- Up-to-date symlink: /root/ws/ROS2Package/install/turtlebot3_description/share/turtlebot3_description/meshes/sensors/r200.jpg.meta
[1.080s] -- Up-to-date symlink: /root/ws/ROS2Package/install/turtlebot3_description/share/turtlebot3_description/meshes/wheels/left_tire.prefab
[1.080s] -- Up-to-date symlink: /root/ws/ROS2Package/install/turtlebot3_description/share/turtlebot3_description/meshes/wheels/left_tire.prefab.meta
[1.080s] -- Up-to-date symlink: /root/ws/ROS2Package/install/turtlebot3_description/share/turtlebot3_description/meshes/wheels/left_tire.stl
[1.081s] -- Up-to-date symlink: /root/ws/ROS2Package/install/turtlebot3_description/share/turtlebot3_description/meshes/wheels/left_tire.stl.meta
[1.081s] -- Up-to-date symlink: /root/ws/ROS2Package/install/turtlebot3_description/share/turtlebot3_description/meshes/wheels/left_tire_0.asset
[1.081s] -- Up-to-date symlink: /root/ws/ROS2Package/install/turtlebot3_description/share/turtlebot3_description/meshes/wheels/left_tire_0.asset.meta
[1.081s] -- Up-to-date symlink: /root/ws/ROS2Package/install/turtlebot3_description/share/turtlebot3_description/meshes/wheels/right_tire.prefab
[1.081s] -- Up-to-date symlink: /root/ws/ROS2Package/install/turtlebot3_description/share/turtlebot3_description/meshes/wheels/right_tire.prefab.meta
[1.081s] -- Up-to-date symlink: /root/ws/ROS2Package/install/turtlebot3_description/share/turtlebot3_description/meshes/wheels/right_tire.stl
[1.082s] -- Up-to-date symlink: /root/ws/ROS2Package/install/turtlebot3_description/share/turtlebot3_description/meshes/wheels/right_tire.stl.meta
[1.082s] -- Up-to-date symlink: /root/ws/ROS2Package/install/turtlebot3_description/share/turtlebot3_description/meshes/wheels/right_tire_0.asset
[1.084s] -- Up-to-date symlink: /root/ws/ROS2Package/install/turtlebot3_description/share/turtlebot3_description/meshes/wheels/right_tire_0.asset.meta
[1.084s] -- Up-to-date symlink: /root/ws/ROS2Package/install/turtlebot3_description/share/turtlebot3_description/urdf/common_properties.urdf
[1.084s] -- Up-to-date symlink: /root/ws/ROS2Package/install/turtlebot3_description/share/turtlebot3_description/urdf/turtlebot3_burger.urdf
[1.086s] -- Up-to-date symlink: /root/ws/ROS2Package/install/turtlebot3_description/share/ament_index/resource_index/package_run_dependencies/turtlebot3_description
[1.087s] -- Up-to-date symlink: /root/ws/ROS2Package/install/turtlebot3_description/share/ament_index/resource_index/parent_prefix_path/turtlebot3_description
[1.089s] -- Up-to-date symlink: /root/ws/ROS2Package/install/turtlebot3_description/share/turtlebot3_description/environment/ament_prefix_path.sh
[1.089s] -- Up-to-date symlink: /root/ws/ROS2Package/install/turtlebot3_description/share/turtlebot3_description/environment/ament_prefix_path.dsv
[1.089s] -- Up-to-date symlink: /root/ws/ROS2Package/install/turtlebot3_description/share/turtlebot3_description/environment/path.sh
[1.089s] -- Up-to-date symlink: /root/ws/ROS2Package/install/turtlebot3_description/share/turtlebot3_description/environment/path.dsv
[1.089s] -- Up-to-date symlink: /root/ws/ROS2Package/install/turtlebot3_description/share/turtlebot3_description/local_setup.bash
[1.089s] -- Up-to-date symlink: /root/ws/ROS2Package/install/turtlebot3_description/share/turtlebot3_description/local_setup.sh
[1.089s] -- Up-to-date symlink: /root/ws/ROS2Package/install/turtlebot3_description/share/turtlebot3_description/local_setup.zsh
[1.089s] -- Up-to-date symlink: /root/ws/ROS2Package/install/turtlebot3_description/share/turtlebot3_description/local_setup.dsv
[1.089s] -- Symlinking: /root/ws/ROS2Package/install/turtlebot3_description/share/turtlebot3_description/package.dsv
[1.105s] -- Up-to-date symlink: /root/ws/ROS2Package/install/turtlebot3_description/share/ament_index/resource_index/packages/turtlebot3_description
[1.105s] -- Up-to-date symlink: /root/ws/ROS2Package/install/turtlebot3_description/share/turtlebot3_description/cmake/ament_cmake_export_dependencies-extras.cmake
[1.106s] -- Up-to-date symlink: /root/ws/ROS2Package/install/turtlebot3_description/share/turtlebot3_description/cmake/turtlebot3_descriptionConfig.cmake
[1.108s] -- Up-to-date symlink: /root/ws/ROS2Package/install/turtlebot3_description/share/turtlebot3_description/cmake/turtlebot3_descriptionConfig-version.cmake
[1.109s] -- Up-to-date symlink: /root/ws/ROS2Package/install/turtlebot3_description/share/turtlebot3_description/package.xml
[1.112s] Invoked command in '/root/ws/ROS2Package/build/turtlebot3_description' returned '0': CMAKE_PREFIX_PATH=/opt/ros/foxy /usr/bin/cmake --install /root/ws/ROS2Package/build/turtlebot3_description
