[1.263s] Invoking command in '/root/ws/ROS2Package/turtlebot3_visualizer': PYTHONPATH=/root/ws/ROS2Package/build/turtlebot3_visualizer/prefix_override:/root/ws/ROS2Package/install/turtlebot3_visualizer/lib/python3.8/site-packages:${PYTHONPATH} /usr/bin/python3 -W ignore:setup.py install is deprecated setup.py egg_info --egg-base ../build/turtlebot3_visualizer build --build-base /root/ws/ROS2Package/build/turtlebot3_visualizer/build install --record /root/ws/ROS2Package/build/turtlebot3_visualizer/install.log --install-scripts $base/lib/turtlebot3_visualizer --single-version-externally-managed install_data
[1.438s] running egg_info
[1.439s] writing ../build/turtlebot3_visualizer/turtlebot3_visualizer.egg-info/PKG-INFO
[1.439s] writing dependency_links to ../build/turtlebot3_visualizer/turtlebot3_visualizer.egg-info/dependency_links.txt
[1.439s] writing entry points to ../build/turtlebot3_visualizer/turtlebot3_visualizer.egg-info/entry_points.txt
[1.439s] writing requirements to ../build/turtlebot3_visualizer/turtlebot3_visualizer.egg-info/requires.txt
[1.439s] writing top-level names to ../build/turtlebot3_visualizer/turtlebot3_visualizer.egg-info/top_level.txt
[1.468s] reading manifest file '../build/turtlebot3_visualizer/turtlebot3_visualizer.egg-info/SOURCES.txt'
[1.468s] writing manifest file '../build/turtlebot3_visualizer/turtlebot3_visualizer.egg-info/SOURCES.txt'
[1.468s] running build
[1.469s] running build_py
[1.469s] running install
[1.470s] running install_lib
[1.471s] running install_data
[1.471s] running install_egg_info
[1.473s] removing '/root/ws/ROS2Package/install/turtlebot3_visualizer/lib/python3.8/site-packages/turtlebot3_visualizer-0.0.0-py3.8.egg-info' (and everything under it)
[1.474s] Copying ../build/turtlebot3_visualizer/turtlebot3_visualizer.egg-info to /root/ws/ROS2Package/install/turtlebot3_visualizer/lib/python3.8/site-packages/turtlebot3_visualizer-0.0.0-py3.8.egg-info
[1.474s] running install_scripts
[1.490s] writing list of installed files to '/root/ws/ROS2Package/build/turtlebot3_visualizer/install.log'
[1.512s] Invoked command in '/root/ws/ROS2Package/turtlebot3_visualizer' returned '0': PYTHONPATH=/root/ws/ROS2Package/build/turtlebot3_visualizer/prefix_override:/root/ws/ROS2Package/install/turtlebot3_visualizer/lib/python3.8/site-packages:${PYTHONPATH} /usr/bin/python3 -W ignore:setup.py install is deprecated setup.py egg_info --egg-base ../build/turtlebot3_visualizer build --build-base /root/ws/ROS2Package/build/turtlebot3_visualizer/build install --record /root/ws/ROS2Package/build/turtlebot3_visualizer/install.log --install-scripts $base/lib/turtlebot3_visualizer --single-version-externally-managed install_data
