[1.536s] Invoking command in '/root/ws/ROS2Package/build/turtlebot3_NavSLAM': PYTHONPATH=/root/ws/ROS2Package/build/turtlebot3_NavSLAM/prefix_override:/root/ws/ROS2Package/install/turtlebot3_NavSLAM/lib/python3.8/site-packages:${PYTHONPATH} /usr/bin/python3 -W ignore:setup.py install is deprecated setup.py develop --uninstall --editable --build-directory /root/ws/ROS2Package/build/turtlebot3_NavSLAM/build
[1.747s] running develop
[1.847s] Removing /root/ws/ROS2Package/install/turtlebot3_NavSLAM/lib/python3.8/site-packages/turtlebot3-NavSLAM.egg-link (link to .)
[1.886s] Invoked command in '/root/ws/ROS2Package/build/turtlebot3_NavSLAM' returned '0': PYTHONPATH=/root/ws/ROS2Package/build/turtlebot3_NavSLAM/prefix_override:/root/ws/ROS2Package/install/turtlebot3_NavSLAM/lib/python3.8/site-packages:${PYTHONPATH} /usr/bin/python3 -W ignore:setup.py install is deprecated setup.py develop --uninstall --editable --build-directory /root/ws/ROS2Package/build/turtlebot3_NavSLAM/build
[1.889s] Invoking command in '/root/ws/ROS2Package/turtlebot3_NavSLAM': PYTHONPATH=/root/ws/ROS2Package/build/turtlebot3_NavSLAM/prefix_override:/root/ws/ROS2Package/install/turtlebot3_NavSLAM/lib/python3.8/site-packages:${PYTHONPATH} /usr/bin/python3 -W ignore:setup.py install is deprecated setup.py egg_info --egg-base ../build/turtlebot3_NavSLAM build --build-base /root/ws/ROS2Package/build/turtlebot3_NavSLAM/build install --record /root/ws/ROS2Package/build/turtlebot3_NavSLAM/install.log --install-scripts $base/lib/turtlebot3_NavSLAM --single-version-externally-managed install_data --force
[2.088s] running egg_info
[2.089s] writing ../build/turtlebot3_NavSLAM/turtlebot3_NavSLAM.egg-info/PKG-INFO
[2.089s] writing dependency_links to ../build/turtlebot3_NavSLAM/turtlebot3_NavSLAM.egg-info/dependency_links.txt
[2.089s] writing entry points to ../build/turtlebot3_NavSLAM/turtlebot3_NavSLAM.egg-info/entry_points.txt
[2.089s] writing requirements to ../build/turtlebot3_NavSLAM/turtlebot3_NavSLAM.egg-info/requires.txt
[2.089s] writing top-level names to ../build/turtlebot3_NavSLAM/turtlebot3_NavSLAM.egg-info/top_level.txt
[2.139s] reading manifest file '../build/turtlebot3_NavSLAM/turtlebot3_NavSLAM.egg-info/SOURCES.txt'
[2.140s] writing manifest file '../build/turtlebot3_NavSLAM/turtlebot3_NavSLAM.egg-info/SOURCES.txt'
[2.140s] running build
[2.140s] running build_py
[2.142s] running install
[2.143s] running install_lib
[2.144s] creating /root/ws/ROS2Package/install/turtlebot3_NavSLAM/lib/python3.8/site-packages/turtlebot3_NavSLAM
[2.144s] copying /root/ws/ROS2Package/build/turtlebot3_NavSLAM/build/lib/turtlebot3_NavSLAM/__init__.py -> /root/ws/ROS2Package/install/turtlebot3_NavSLAM/lib/python3.8/site-packages/turtlebot3_NavSLAM
[2.145s] byte-compiling /root/ws/ROS2Package/install/turtlebot3_NavSLAM/lib/python3.8/site-packages/turtlebot3_NavSLAM/__init__.py to __init__.cpython-38.pyc
[2.147s] running install_data
[2.147s] copying resource/turtlebot3_NavSLAM -> /root/ws/ROS2Package/install/turtlebot3_NavSLAM/share/ament_index/resource_index/packages
[2.148s] copying package.xml -> /root/ws/ROS2Package/install/turtlebot3_NavSLAM/share/turtlebot3_NavSLAM
[2.148s] copying launch/turtlebot3_SLAM.launch.py -> /root/ws/ROS2Package/install/turtlebot3_NavSLAM/share/turtlebot3_NavSLAM/launch
[2.148s] copying launch/turtlebot3_AMCL.launch.py -> /root/ws/ROS2Package/install/turtlebot3_NavSLAM/share/turtlebot3_NavSLAM/launch
[2.148s] copying launch/turtlebot3_NAV2.launch.py -> /root/ws/ROS2Package/install/turtlebot3_NavSLAM/share/turtlebot3_NavSLAM/launch
[2.149s] copying config/bt_config.xml -> /root/ws/ROS2Package/install/turtlebot3_NavSLAM/share/turtlebot3_NavSLAM/config
[2.149s] copying config/SLAM_param.yaml -> /root/ws/ROS2Package/install/turtlebot3_NavSLAM/share/turtlebot3_NavSLAM/config
[2.150s] copying config/NAV2_param.yaml -> /root/ws/ROS2Package/install/turtlebot3_NavSLAM/share/turtlebot3_NavSLAM/config
[2.150s] copying map/test.pgm -> /root/ws/ROS2Package/install/turtlebot3_NavSLAM/share/turtlebot3_NavSLAM/map
[2.150s] copying map/test.yaml -> /root/ws/ROS2Package/install/turtlebot3_NavSLAM/share/turtlebot3_NavSLAM/map
[2.150s] running install_egg_info
[2.153s] Copying ../build/turtlebot3_NavSLAM/turtlebot3_NavSLAM.egg-info to /root/ws/ROS2Package/install/turtlebot3_NavSLAM/lib/python3.8/site-packages/turtlebot3_NavSLAM-0.0.0-py3.8.egg-info
[2.154s] running install_scripts
[2.183s] writing list of installed files to '/root/ws/ROS2Package/build/turtlebot3_NavSLAM/install.log'
[2.211s] Invoked command in '/root/ws/ROS2Package/turtlebot3_NavSLAM' returned '0': PYTHONPATH=/root/ws/ROS2Package/build/turtlebot3_NavSLAM/prefix_override:/root/ws/ROS2Package/install/turtlebot3_NavSLAM/lib/python3.8/site-packages:${PYTHONPATH} /usr/bin/python3 -W ignore:setup.py install is deprecated setup.py egg_info --egg-base ../build/turtlebot3_NavSLAM build --build-base /root/ws/ROS2Package/build/turtlebot3_NavSLAM/build install --record /root/ws/ROS2Package/build/turtlebot3_NavSLAM/install.log --install-scripts $base/lib/turtlebot3_NavSLAM --single-version-externally-managed install_data --force
