[1.775s] Invoking command in '/root/ws/ROS2Package/turtlebot3_NavSLAM': PYTHONPATH=/root/ws/ROS2Package/build/turtlebot3_NavSLAM/prefix_override:/root/ws/ROS2Package/install/turtlebot3_NavSLAM/lib/python3.8/site-packages:${PYTHONPATH} /usr/bin/python3 -W ignore:setup.py install is deprecated setup.py egg_info --egg-base ../build/turtlebot3_NavSLAM build --build-base /root/ws/ROS2Package/build/turtlebot3_NavSLAM/build install --record /root/ws/ROS2Package/build/turtlebot3_NavSLAM/install.log --install-scripts $base/lib/turtlebot3_NavSLAM --single-version-externally-managed install_data
[2.039s] running egg_info
[2.040s] writing ../build/turtlebot3_NavSLAM/turtlebot3_NavSLAM.egg-info/PKG-INFO
[2.040s] writing dependency_links to ../build/turtlebot3_NavSLAM/turtlebot3_NavSLAM.egg-info/dependency_links.txt
[2.040s] writing entry points to ../build/turtlebot3_NavSLAM/turtlebot3_NavSLAM.egg-info/entry_points.txt
[2.040s] writing requirements to ../build/turtlebot3_NavSLAM/turtlebot3_NavSLAM.egg-info/requires.txt
[2.040s] writing top-level names to ../build/turtlebot3_NavSLAM/turtlebot3_NavSLAM.egg-info/top_level.txt
[2.118s] reading manifest file '../build/turtlebot3_NavSLAM/turtlebot3_NavSLAM.egg-info/SOURCES.txt'
[2.120s] writing manifest file '../build/turtlebot3_NavSLAM/turtlebot3_NavSLAM.egg-info/SOURCES.txt'
[2.120s] running build
[2.120s] running build_py
[2.121s] running install
[2.122s] running install_lib
[2.123s] running install_data
[2.123s] running install_egg_info
[2.125s] removing '/root/ws/ROS2Package/install/turtlebot3_NavSLAM/lib/python3.8/site-packages/turtlebot3_NavSLAM-0.0.0-py3.8.egg-info' (and everything under it)
[2.125s] Copying ../build/turtlebot3_NavSLAM/turtlebot3_NavSLAM.egg-info to /root/ws/ROS2Package/install/turtlebot3_NavSLAM/lib/python3.8/site-packages/turtlebot3_NavSLAM-0.0.0-py3.8.egg-info
[2.126s] running install_scripts
[2.146s] writing list of installed files to '/root/ws/ROS2Package/build/turtlebot3_NavSLAM/install.log'
[2.185s] Invoked command in '/root/ws/ROS2Package/turtlebot3_NavSLAM' returned '0': PYTHONPATH=/root/ws/ROS2Package/build/turtlebot3_NavSLAM/prefix_override:/root/ws/ROS2Package/install/turtlebot3_NavSLAM/lib/python3.8/site-packages:${PYTHONPATH} /usr/bin/python3 -W ignore:setup.py install is deprecated setup.py egg_info --egg-base ../build/turtlebot3_NavSLAM build --build-base /root/ws/ROS2Package/build/turtlebot3_NavSLAM/build install --record /root/ws/ROS2Package/build/turtlebot3_NavSLAM/install.log --install-scripts $base/lib/turtlebot3_NavSLAM --single-version-externally-managed install_data
