[1.434s] Invoking command in '/root/ws/ROS2Package/turtlebot3_visualizer': PYTHONPATH=/root/ws/ROS2Package/build/turtlebot3_visualizer/prefix_override:/root/ws/ROS2Package/install/turtlebot3_visualizer/lib/python3.8/site-packages:${PYTHONPATH} /usr/bin/python3 -W ignore:setup.py install is deprecated setup.py egg_info --egg-base ../build/turtlebot3_visualizer build --build-base /root/ws/ROS2Package/build/turtlebot3_visualizer/build install --record /root/ws/ROS2Package/build/turtlebot3_visualizer/install.log --install-scripts $base/lib/turtlebot3_visualizer --single-version-externally-managed install_data
[1.612s] running egg_info
[1.612s] writing ../build/turtlebot3_visualizer/turtlebot3_visualizer.egg-info/PKG-INFO
[1.612s] writing dependency_links to ../build/turtlebot3_visualizer/turtlebot3_visualizer.egg-info/dependency_links.txt
[1.613s] writing entry points to ../build/turtlebot3_visualizer/turtlebot3_visualizer.egg-info/entry_points.txt
[1.613s] writing requirements to ../build/turtlebot3_visualizer/turtlebot3_visualizer.egg-info/requires.txt
[1.613s] writing top-level names to ../build/turtlebot3_visualizer/turtlebot3_visualizer.egg-info/top_level.txt
[1.643s] reading manifest file '../build/turtlebot3_visualizer/turtlebot3_visualizer.egg-info/SOURCES.txt'
[1.643s] writing manifest file '../build/turtlebot3_visualizer/turtlebot3_visualizer.egg-info/SOURCES.txt'
[1.644s] running build
[1.644s] running build_py
[1.644s] running install
[1.645s] running install_lib
[1.646s] running install_data
[1.646s] running install_egg_info
[1.648s] removing '/root/ws/ROS2Package/install/turtlebot3_visualizer/lib/python3.8/site-packages/turtlebot3_visualizer-0.0.0-py3.8.egg-info' (and everything under it)
[1.648s] Copying ../build/turtlebot3_visualizer/turtlebot3_visualizer.egg-info to /root/ws/ROS2Package/install/turtlebot3_visualizer/lib/python3.8/site-packages/turtlebot3_visualizer-0.0.0-py3.8.egg-info
[1.650s] running install_scripts
[1.666s] writing list of installed files to '/root/ws/ROS2Package/build/turtlebot3_visualizer/install.log'
[1.693s] Invoked command in '/root/ws/ROS2Package/turtlebot3_visualizer' returned '0': PYTHONPATH=/root/ws/ROS2Package/build/turtlebot3_visualizer/prefix_override:/root/ws/ROS2Package/install/turtlebot3_visualizer/lib/python3.8/site-packages:${PYTHONPATH} /usr/bin/python3 -W ignore:setup.py install is deprecated setup.py egg_info --egg-base ../build/turtlebot3_visualizer build --build-base /root/ws/ROS2Package/build/turtlebot3_visualizer/build install --record /root/ws/ROS2Package/build/turtlebot3_visualizer/install.log --install-scripts $base/lib/turtlebot3_visualizer --single-version-externally-managed install_data
