running egg_info
creating build/turtlebot3_A_star/turtlebot3_A_star.egg-info
writing build/turtlebot3_A_star/turtlebot3_A_star.egg-info/PKG-INFO
writing dependency_links to build/turtlebot3_A_star/turtlebot3_A_star.egg-info/dependency_links.txt
writing entry points to build/turtlebot3_A_star/turtlebot3_A_star.egg-info/entry_points.txt
writing requirements to build/turtlebot3_A_star/turtlebot3_A_star.egg-info/requires.txt
writing top-level names to build/turtlebot3_A_star/turtlebot3_A_star.egg-info/top_level.txt
writing manifest file 'build/turtlebot3_A_star/turtlebot3_A_star.egg-info/SOURCES.txt'
reading manifest file 'build/turtlebot3_A_star/turtlebot3_A_star.egg-info/SOURCES.txt'
writing manifest file 'build/turtlebot3_A_star/turtlebot3_A_star.egg-info/SOURCES.txt'
running build
running build_py
creating /root/ws/ROS2Package/turtlebot3_A_star/build/turtlebot3_A_star/build
creating /root/ws/ROS2Package/turtlebot3_A_star/build/turtlebot3_A_star/build/lib
creating /root/ws/ROS2Package/turtlebot3_A_star/build/turtlebot3_A_star/build/lib/turtlebot3_A_star
copying turtlebot3_A_star/discrete_transform.py -> /root/ws/ROS2Package/turtlebot3_A_star/build/turtlebot3_A_star/build/lib/turtlebot3_A_star
copying turtlebot3_A_star/node.py -> /root/ws/ROS2Package/turtlebot3_A_star/build/turtlebot3_A_star/build/lib/turtlebot3_A_star
copying turtlebot3_A_star/A_star_def.py -> /root/ws/ROS2Package/turtlebot3_A_star/build/turtlebot3_A_star/build/lib/turtlebot3_A_star
copying turtlebot3_A_star/__init__.py -> /root/ws/ROS2Package/turtlebot3_A_star/build/turtlebot3_A_star/build/lib/turtlebot3_A_star
copying turtlebot3_A_star/A_star_planner.py -> /root/ws/ROS2Package/turtlebot3_A_star/build/turtlebot3_A_star/build/lib/turtlebot3_A_star
running install
running install_lib
creating /root/ws/ROS2Package/turtlebot3_A_star/install/turtlebot3_A_star/lib/python3.8/site-packages/turtlebot3_A_star
copying /root/ws/ROS2Package/turtlebot3_A_star/build/turtlebot3_A_star/build/lib/turtlebot3_A_star/discrete_transform.py -> /root/ws/ROS2Package/turtlebot3_A_star/install/turtlebot3_A_star/lib/python3.8/site-packages/turtlebot3_A_star
copying /root/ws/ROS2Package/turtlebot3_A_star/build/turtlebot3_A_star/build/lib/turtlebot3_A_star/node.py -> /root/ws/ROS2Package/turtlebot3_A_star/install/turtlebot3_A_star/lib/python3.8/site-packages/turtlebot3_A_star
copying /root/ws/ROS2Package/turtlebot3_A_star/build/turtlebot3_A_star/build/lib/turtlebot3_A_star/A_star_def.py -> /root/ws/ROS2Package/turtlebot3_A_star/install/turtlebot3_A_star/lib/python3.8/site-packages/turtlebot3_A_star
copying /root/ws/ROS2Package/turtlebot3_A_star/build/turtlebot3_A_star/build/lib/turtlebot3_A_star/__init__.py -> /root/ws/ROS2Package/turtlebot3_A_star/install/turtlebot3_A_star/lib/python3.8/site-packages/turtlebot3_A_star
copying /root/ws/ROS2Package/turtlebot3_A_star/build/turtlebot3_A_star/build/lib/turtlebot3_A_star/A_star_planner.py -> /root/ws/ROS2Package/turtlebot3_A_star/install/turtlebot3_A_star/lib/python3.8/site-packages/turtlebot3_A_star
byte-compiling /root/ws/ROS2Package/turtlebot3_A_star/install/turtlebot3_A_star/lib/python3.8/site-packages/turtlebot3_A_star/discrete_transform.py to discrete_transform.cpython-38.pyc
byte-compiling /root/ws/ROS2Package/turtlebot3_A_star/install/turtlebot3_A_star/lib/python3.8/site-packages/turtlebot3_A_star/node.py to node.cpython-38.pyc
byte-compiling /root/ws/ROS2Package/turtlebot3_A_star/install/turtlebot3_A_star/lib/python3.8/site-packages/turtlebot3_A_star/A_star_def.py to A_star_def.cpython-38.pyc
byte-compiling /root/ws/ROS2Package/turtlebot3_A_star/install/turtlebot3_A_star/lib/python3.8/site-packages/turtlebot3_A_star/__init__.py to __init__.cpython-38.pyc
byte-compiling /root/ws/ROS2Package/turtlebot3_A_star/install/turtlebot3_A_star/lib/python3.8/site-packages/turtlebot3_A_star/A_star_planner.py to A_star_planner.cpython-38.pyc
running install_data
creating /root/ws/ROS2Package/turtlebot3_A_star/install/turtlebot3_A_star/share/ament_index
creating /root/ws/ROS2Package/turtlebot3_A_star/install/turtlebot3_A_star/share/ament_index/resource_index
creating /root/ws/ROS2Package/turtlebot3_A_star/install/turtlebot3_A_star/share/ament_index/resource_index/packages
copying resource/turtlebot3_A_star -> /root/ws/ROS2Package/turtlebot3_A_star/install/turtlebot3_A_star/share/ament_index/resource_index/packages
copying package.xml -> /root/ws/ROS2Package/turtlebot3_A_star/install/turtlebot3_A_star/share/turtlebot3_A_star
running install_egg_info
Copying build/turtlebot3_A_star/turtlebot3_A_star.egg-info to /root/ws/ROS2Package/turtlebot3_A_star/install/turtlebot3_A_star/lib/python3.8/site-packages/turtlebot3_A_star-0.0.0-py3.8.egg-info
running install_scripts
writing list of installed files to '/root/ws/ROS2Package/turtlebot3_A_star/build/turtlebot3_A_star/install.log'
