[1.653s] Invoking command in '/root/ws/ROS2Package/turtlebot3_HighLevelControl': PYTHONPATH=/root/ws/ROS2Package/build/turtlebot3_HighLevelControl/prefix_override:/root/ws/ROS2Package/install/turtlebot3_HighLevelControl/lib/python3.8/site-packages:${PYTHONPATH} /usr/bin/python3 -W ignore:setup.py install is deprecated setup.py egg_info --egg-base ../build/turtlebot3_HighLevelControl build --build-base /root/ws/ROS2Package/build/turtlebot3_HighLevelControl/build install --record /root/ws/ROS2Package/build/turtlebot3_HighLevelControl/install.log --install-scripts $base/lib/turtlebot3_HighLevelControl --single-version-externally-managed install_data
[1.876s] running egg_info
[1.877s] writing ../build/turtlebot3_HighLevelControl/turtlebot3_HighLevelControl.egg-info/PKG-INFO
[1.877s] writing dependency_links to ../build/turtlebot3_HighLevelControl/turtlebot3_HighLevelControl.egg-info/dependency_links.txt
[1.877s] writing entry points to ../build/turtlebot3_HighLevelControl/turtlebot3_HighLevelControl.egg-info/entry_points.txt
[1.877s] writing requirements to ../build/turtlebot3_HighLevelControl/turtlebot3_HighLevelControl.egg-info/requires.txt
[1.878s] writing top-level names to ../build/turtlebot3_HighLevelControl/turtlebot3_HighLevelControl.egg-info/top_level.txt
[1.926s] reading manifest file '../build/turtlebot3_HighLevelControl/turtlebot3_HighLevelControl.egg-info/SOURCES.txt'
[1.927s] writing manifest file '../build/turtlebot3_HighLevelControl/turtlebot3_HighLevelControl.egg-info/SOURCES.txt'
[1.927s] running build
[1.927s] running build_py
[1.928s] running install
[1.929s] running install_lib
[1.931s] running install_data
[1.931s] running install_egg_info
[1.945s] removing '/root/ws/ROS2Package/install/turtlebot3_HighLevelControl/lib/python3.8/site-packages/turtlebot3_HighLevelControl-0.0.0-py3.8.egg-info' (and everything under it)
[1.946s] Copying ../build/turtlebot3_HighLevelControl/turtlebot3_HighLevelControl.egg-info to /root/ws/ROS2Package/install/turtlebot3_HighLevelControl/lib/python3.8/site-packages/turtlebot3_HighLevelControl-0.0.0-py3.8.egg-info
[1.947s] running install_scripts
[1.999s] Installing turtlebot3_HighLevelControl script to /root/ws/ROS2Package/install/turtlebot3_HighLevelControl/lib/turtlebot3_HighLevelControl
[2.000s] writing list of installed files to '/root/ws/ROS2Package/build/turtlebot3_HighLevelControl/install.log'
[2.075s] Invoked command in '/root/ws/ROS2Package/turtlebot3_HighLevelControl' returned '0': PYTHONPATH=/root/ws/ROS2Package/build/turtlebot3_HighLevelControl/prefix_override:/root/ws/ROS2Package/install/turtlebot3_HighLevelControl/lib/python3.8/site-packages:${PYTHONPATH} /usr/bin/python3 -W ignore:setup.py install is deprecated setup.py egg_info --egg-base ../build/turtlebot3_HighLevelControl build --build-base /root/ws/ROS2Package/build/turtlebot3_HighLevelControl/build install --record /root/ws/ROS2Package/build/turtlebot3_HighLevelControl/install.log --install-scripts $base/lib/turtlebot3_HighLevelControl --single-version-externally-managed install_data
