running develop
Removing /root/ws/ROS2Package/install/turtlebot3_follow/lib/python3.8/site-packages/turtlebot3-follow.egg-link (link to .)
running egg_info
writing ../build/turtlebot3_follow/turtlebot3_follow.egg-info/PKG-INFO
writing dependency_links to ../build/turtlebot3_follow/turtlebot3_follow.egg-info/dependency_links.txt
writing entry points to ../build/turtlebot3_follow/turtlebot3_follow.egg-info/entry_points.txt
writing requirements to ../build/turtlebot3_follow/turtlebot3_follow.egg-info/requires.txt
writing top-level names to ../build/turtlebot3_follow/turtlebot3_follow.egg-info/top_level.txt
reading manifest file '../build/turtlebot3_follow/turtlebot3_follow.egg-info/SOURCES.txt'
writing manifest file '../build/turtlebot3_follow/turtlebot3_follow.egg-info/SOURCES.txt'
running build
running build_py
running install
running install_lib
creating /root/ws/ROS2Package/install/turtlebot3_follow/lib/python3.8/site-packages/turtlebot3_follow
copying /root/ws/ROS2Package/build/turtlebot3_follow/build/lib/turtlebot3_follow/__init__.py -> /root/ws/ROS2Package/install/turtlebot3_follow/lib/python3.8/site-packages/turtlebot3_follow
copying /root/ws/ROS2Package/build/turtlebot3_follow/build/lib/turtlebot3_follow/follow.py -> /root/ws/ROS2Package/install/turtlebot3_follow/lib/python3.8/site-packages/turtlebot3_follow
byte-compiling /root/ws/ROS2Package/install/turtlebot3_follow/lib/python3.8/site-packages/turtlebot3_follow/__init__.py to __init__.cpython-38.pyc
byte-compiling /root/ws/ROS2Package/install/turtlebot3_follow/lib/python3.8/site-packages/turtlebot3_follow/follow.py to follow.cpython-38.pyc
running install_data
copying resource/turtlebot3_follow -> /root/ws/ROS2Package/install/turtlebot3_follow/share/ament_index/resource_index/packages
copying package.xml -> /root/ws/ROS2Package/install/turtlebot3_follow/share/turtlebot3_follow
running install_egg_info
Copying ../build/turtlebot3_follow/turtlebot3_follow.egg-info to /root/ws/ROS2Package/install/turtlebot3_follow/lib/python3.8/site-packages/turtlebot3_follow-0.0.0-py3.8.egg-info
running install_scripts
Installing turtlebot3_follow script to /root/ws/ROS2Package/install/turtlebot3_follow/lib/turtlebot3_follow
writing list of installed files to '/root/ws/ROS2Package/build/turtlebot3_follow/install.log'
