[1.414s] Invoking command in '/root/ws/ROS2Package/build/turtlebot3_follow': PYTHONPATH=/root/ws/ROS2Package/build/turtlebot3_follow/prefix_override:/root/ws/ROS2Package/install/turtlebot3_follow/lib/python3.8/site-packages:${PYTHONPATH} /usr/bin/python3 -W ignore:setup.py install is deprecated setup.py develop --uninstall --editable --build-directory /root/ws/ROS2Package/build/turtlebot3_follow/build
[1.684s] running develop
[1.829s] Removing /root/ws/ROS2Package/install/turtlebot3_follow/lib/python3.8/site-packages/turtlebot3-follow.egg-link (link to .)
[1.868s] Invoked command in '/root/ws/ROS2Package/build/turtlebot3_follow' returned '0': PYTHONPATH=/root/ws/ROS2Package/build/turtlebot3_follow/prefix_override:/root/ws/ROS2Package/install/turtlebot3_follow/lib/python3.8/site-packages:${PYTHONPATH} /usr/bin/python3 -W ignore:setup.py install is deprecated setup.py develop --uninstall --editable --build-directory /root/ws/ROS2Package/build/turtlebot3_follow/build
[1.874s] Invoking command in '/root/ws/ROS2Package/turtlebot3_follow': PYTHONPATH=/root/ws/ROS2Package/build/turtlebot3_follow/prefix_override:/root/ws/ROS2Package/install/turtlebot3_follow/lib/python3.8/site-packages:${PYTHONPATH} /usr/bin/python3 -W ignore:setup.py install is deprecated setup.py egg_info --egg-base ../build/turtlebot3_follow build --build-base /root/ws/ROS2Package/build/turtlebot3_follow/build install --record /root/ws/ROS2Package/build/turtlebot3_follow/install.log --install-scripts $base/lib/turtlebot3_follow --single-version-externally-managed install_data --force
[2.061s] running egg_info
[2.062s] writing ../build/turtlebot3_follow/turtlebot3_follow.egg-info/PKG-INFO
[2.062s] writing dependency_links to ../build/turtlebot3_follow/turtlebot3_follow.egg-info/dependency_links.txt
[2.062s] writing entry points to ../build/turtlebot3_follow/turtlebot3_follow.egg-info/entry_points.txt
[2.062s] writing requirements to ../build/turtlebot3_follow/turtlebot3_follow.egg-info/requires.txt
[2.062s] writing top-level names to ../build/turtlebot3_follow/turtlebot3_follow.egg-info/top_level.txt
[2.111s] reading manifest file '../build/turtlebot3_follow/turtlebot3_follow.egg-info/SOURCES.txt'
[2.112s] writing manifest file '../build/turtlebot3_follow/turtlebot3_follow.egg-info/SOURCES.txt'
[2.112s] running build
[2.112s] running build_py
[2.113s] running install
[2.114s] running install_lib
[2.115s] creating /root/ws/ROS2Package/install/turtlebot3_follow/lib/python3.8/site-packages/turtlebot3_follow
[2.116s] copying /root/ws/ROS2Package/build/turtlebot3_follow/build/lib/turtlebot3_follow/__init__.py -> /root/ws/ROS2Package/install/turtlebot3_follow/lib/python3.8/site-packages/turtlebot3_follow
[2.116s] copying /root/ws/ROS2Package/build/turtlebot3_follow/build/lib/turtlebot3_follow/follow.py -> /root/ws/ROS2Package/install/turtlebot3_follow/lib/python3.8/site-packages/turtlebot3_follow
[2.116s] byte-compiling /root/ws/ROS2Package/install/turtlebot3_follow/lib/python3.8/site-packages/turtlebot3_follow/__init__.py to __init__.cpython-38.pyc
[2.118s] byte-compiling /root/ws/ROS2Package/install/turtlebot3_follow/lib/python3.8/site-packages/turtlebot3_follow/follow.py to follow.cpython-38.pyc
[2.120s] running install_data
[2.121s] copying resource/turtlebot3_follow -> /root/ws/ROS2Package/install/turtlebot3_follow/share/ament_index/resource_index/packages
[2.121s] copying package.xml -> /root/ws/ROS2Package/install/turtlebot3_follow/share/turtlebot3_follow
[2.121s] running install_egg_info
[2.123s] Copying ../build/turtlebot3_follow/turtlebot3_follow.egg-info to /root/ws/ROS2Package/install/turtlebot3_follow/lib/python3.8/site-packages/turtlebot3_follow-0.0.0-py3.8.egg-info
[2.124s] running install_scripts
[2.146s] Installing turtlebot3_follow script to /root/ws/ROS2Package/install/turtlebot3_follow/lib/turtlebot3_follow
[2.147s] writing list of installed files to '/root/ws/ROS2Package/build/turtlebot3_follow/install.log'
[2.180s] Invoked command in '/root/ws/ROS2Package/turtlebot3_follow' returned '0': PYTHONPATH=/root/ws/ROS2Package/build/turtlebot3_follow/prefix_override:/root/ws/ROS2Package/install/turtlebot3_follow/lib/python3.8/site-packages:${PYTHONPATH} /usr/bin/python3 -W ignore:setup.py install is deprecated setup.py egg_info --egg-base ../build/turtlebot3_follow build --build-base /root/ws/ROS2Package/build/turtlebot3_follow/build install --record /root/ws/ROS2Package/build/turtlebot3_follow/install.log --install-scripts $base/lib/turtlebot3_follow --single-version-externally-managed install_data --force
