[1.204s] Invoking command in '/root/ws/ROS2Package/turtlebot3_A_star': PYTHONPATH=/root/ws/ROS2Package/build/turtlebot3_A_star/prefix_override:/root/ws/ROS2Package/install/turtlebot3_A_star/lib/python3.8/site-packages:${PYTHONPATH} /usr/bin/python3 -W ignore:setup.py install is deprecated setup.py egg_info --egg-base ../build/turtlebot3_A_star build --build-base /root/ws/ROS2Package/build/turtlebot3_A_star/build install --record /root/ws/ROS2Package/build/turtlebot3_A_star/install.log --single-version-externally-managed install_data
[1.441s] running egg_info
[1.442s] creating ../build/turtlebot3_A_star/turtlebot3_A_star.egg-info
[1.442s] writing ../build/turtlebot3_A_star/turtlebot3_A_star.egg-info/PKG-INFO
[1.442s] writing dependency_links to ../build/turtlebot3_A_star/turtlebot3_A_star.egg-info/dependency_links.txt
[1.442s] writing entry points to ../build/turtlebot3_A_star/turtlebot3_A_star.egg-info/entry_points.txt
[1.443s] writing requirements to ../build/turtlebot3_A_star/turtlebot3_A_star.egg-info/requires.txt
[1.443s] writing top-level names to ../build/turtlebot3_A_star/turtlebot3_A_star.egg-info/top_level.txt
[1.444s] writing manifest file '../build/turtlebot3_A_star/turtlebot3_A_star.egg-info/SOURCES.txt'
[1.487s] reading manifest file '../build/turtlebot3_A_star/turtlebot3_A_star.egg-info/SOURCES.txt'
[1.488s] writing manifest file '../build/turtlebot3_A_star/turtlebot3_A_star.egg-info/SOURCES.txt'
[1.488s] running build
[1.488s] running build_py
[1.488s] creating /root/ws/ROS2Package/build/turtlebot3_A_star/build
[1.488s] creating /root/ws/ROS2Package/build/turtlebot3_A_star/build/lib
[1.488s] creating /root/ws/ROS2Package/build/turtlebot3_A_star/build/lib/turtlebot3_A_star
[1.488s] copying turtlebot3_A_star/discrete_transform.py -> /root/ws/ROS2Package/build/turtlebot3_A_star/build/lib/turtlebot3_A_star
[1.488s] copying turtlebot3_A_star/node.py -> /root/ws/ROS2Package/build/turtlebot3_A_star/build/lib/turtlebot3_A_star
[1.488s] copying turtlebot3_A_star/A_star_def.py -> /root/ws/ROS2Package/build/turtlebot3_A_star/build/lib/turtlebot3_A_star
[1.489s] copying turtlebot3_A_star/__init__.py -> /root/ws/ROS2Package/build/turtlebot3_A_star/build/lib/turtlebot3_A_star
[1.489s] copying turtlebot3_A_star/A_star_planner.py -> /root/ws/ROS2Package/build/turtlebot3_A_star/build/lib/turtlebot3_A_star
[1.489s] running install
[1.490s] running install_lib
[1.492s] creating /root/ws/ROS2Package/install/turtlebot3_A_star/lib/python3.8/site-packages/turtlebot3_A_star
[1.492s] copying /root/ws/ROS2Package/build/turtlebot3_A_star/build/lib/turtlebot3_A_star/discrete_transform.py -> /root/ws/ROS2Package/install/turtlebot3_A_star/lib/python3.8/site-packages/turtlebot3_A_star
[1.492s] copying /root/ws/ROS2Package/build/turtlebot3_A_star/build/lib/turtlebot3_A_star/node.py -> /root/ws/ROS2Package/install/turtlebot3_A_star/lib/python3.8/site-packages/turtlebot3_A_star
[1.492s] copying /root/ws/ROS2Package/build/turtlebot3_A_star/build/lib/turtlebot3_A_star/A_star_def.py -> /root/ws/ROS2Package/install/turtlebot3_A_star/lib/python3.8/site-packages/turtlebot3_A_star
[1.492s] copying /root/ws/ROS2Package/build/turtlebot3_A_star/build/lib/turtlebot3_A_star/__init__.py -> /root/ws/ROS2Package/install/turtlebot3_A_star/lib/python3.8/site-packages/turtlebot3_A_star
[1.492s] copying /root/ws/ROS2Package/build/turtlebot3_A_star/build/lib/turtlebot3_A_star/A_star_planner.py -> /root/ws/ROS2Package/install/turtlebot3_A_star/lib/python3.8/site-packages/turtlebot3_A_star
[1.493s] byte-compiling /root/ws/ROS2Package/install/turtlebot3_A_star/lib/python3.8/site-packages/turtlebot3_A_star/discrete_transform.py to discrete_transform.cpython-38.pyc
[1.495s] byte-compiling /root/ws/ROS2Package/install/turtlebot3_A_star/lib/python3.8/site-packages/turtlebot3_A_star/node.py to node.cpython-38.pyc
[1.495s] byte-compiling /root/ws/ROS2Package/install/turtlebot3_A_star/lib/python3.8/site-packages/turtlebot3_A_star/A_star_def.py to A_star_def.cpython-38.pyc
[1.498s] byte-compiling /root/ws/ROS2Package/install/turtlebot3_A_star/lib/python3.8/site-packages/turtlebot3_A_star/__init__.py to __init__.cpython-38.pyc
[1.498s] byte-compiling /root/ws/ROS2Package/install/turtlebot3_A_star/lib/python3.8/site-packages/turtlebot3_A_star/A_star_planner.py to A_star_planner.cpython-38.pyc
[1.499s] running install_data
[1.500s] creating /root/ws/ROS2Package/install/turtlebot3_A_star/share/ament_index
[1.500s] creating /root/ws/ROS2Package/install/turtlebot3_A_star/share/ament_index/resource_index
[1.500s] creating /root/ws/ROS2Package/install/turtlebot3_A_star/share/ament_index/resource_index/packages
[1.500s] copying resource/turtlebot3_A_star -> /root/ws/ROS2Package/install/turtlebot3_A_star/share/ament_index/resource_index/packages
[1.500s] copying package.xml -> /root/ws/ROS2Package/install/turtlebot3_A_star/share/turtlebot3_A_star
[1.500s] running install_egg_info
[1.502s] Copying ../build/turtlebot3_A_star/turtlebot3_A_star.egg-info to /root/ws/ROS2Package/install/turtlebot3_A_star/lib/python3.8/site-packages/turtlebot3_A_star-0.0.0-py3.8.egg-info
[1.502s] running install_scripts
[1.524s] writing list of installed files to '/root/ws/ROS2Package/build/turtlebot3_A_star/install.log'
[1.554s] Invoked command in '/root/ws/ROS2Package/turtlebot3_A_star' returned '0': PYTHONPATH=/root/ws/ROS2Package/build/turtlebot3_A_star/prefix_override:/root/ws/ROS2Package/install/turtlebot3_A_star/lib/python3.8/site-packages:${PYTHONPATH} /usr/bin/python3 -W ignore:setup.py install is deprecated setup.py egg_info --egg-base ../build/turtlebot3_A_star build --build-base /root/ws/ROS2Package/build/turtlebot3_A_star/build install --record /root/ws/ROS2Package/build/turtlebot3_A_star/install.log --single-version-externally-managed install_data
