[0.108s] DEBUG:colcon:Command line arguments: ['/usr/bin/colcon', 'info']
[0.108s] DEBUG:colcon:Parsed command line arguments: Namespace(allow_overriding=[], base_paths=['.'], build_base='build', ignore_user_meta=False, log_base=None, log_level=None, main=<bound method InfoVerb.main of <colcon_package_information.verb.info.InfoVerb object at 0x76bf1398a310>>, metas=['./colcon.meta'], package_names=[], packages_above=None, packages_above_and_dependencies=None, packages_above_depth=None, packages_end=None, packages_ignore=None, packages_ignore_regex=None, packages_select=None, packages_select_build_failed=False, packages_select_by_dep=None, packages_select_regex=None, packages_select_test_failures=False, packages_skip=None, packages_skip_build_finished=False, packages_skip_by_dep=None, packages_skip_regex=None, packages_skip_test_passed=False, packages_skip_up_to=None, packages_start=None, packages_up_to=None, packages_up_to_regex=None, paths=None, verb_extension=<colcon_package_information.verb.info.InfoVerb object at 0x76bf1398a310>, verb_name='info', verb_parser=<colcon_defaults.argument_parser.defaults.DefaultArgumentsDecorator object at 0x76bf1397cbe0>)
[0.201s] Level 1:colcon.colcon_core.package_discovery:discover_packages(colcon_meta) check parameters
[0.201s] Level 1:colcon.colcon_core.package_discovery:discover_packages(recursive) check parameters
[0.201s] Level 1:colcon.colcon_core.package_discovery:discover_packages(ignore) check parameters
[0.201s] Level 1:colcon.colcon_core.package_discovery:discover_packages(path) check parameters
[0.201s] Level 1:colcon.colcon_core.package_discovery:discover_packages(colcon_meta) discover
[0.202s] Level 1:colcon.colcon_core.package_discovery:discover_packages(recursive) discover
[0.202s] INFO:colcon.colcon_core.package_discovery:Crawling recursively for packages in '/root/ws/ROS2Package'
[0.202s] Level 1:colcon.colcon_core.package_identification:_identify(.) by extensions ['ignore', 'ignore_ament_install']
[0.202s] Level 1:colcon.colcon_core.package_identification:_identify(.) by extension 'ignore'
[0.202s] Level 1:colcon.colcon_core.package_identification:_identify(.) by extension 'ignore_ament_install'
[0.202s] Level 1:colcon.colcon_core.package_identification:_identify(.) by extensions ['colcon_pkg']
[0.202s] Level 1:colcon.colcon_core.package_identification:_identify(.) by extension 'colcon_pkg'
[0.202s] Level 1:colcon.colcon_core.package_identification:_identify(.) by extensions ['colcon_meta']
[0.202s] Level 1:colcon.colcon_core.package_identification:_identify(.) by extension 'colcon_meta'
[0.202s] Level 1:colcon.colcon_core.package_identification:_identify(.) by extensions ['ros']
[0.202s] Level 1:colcon.colcon_core.package_identification:_identify(.) by extension 'ros'
[0.210s] Level 1:colcon.colcon_core.package_identification:_identify(.) by extensions ['cmake', 'python']
[0.210s] Level 1:colcon.colcon_core.package_identification:_identify(.) by extension 'cmake'
[0.210s] Level 1:colcon.colcon_core.package_identification:_identify(.) by extension 'python'
[0.210s] Level 1:colcon.colcon_core.package_identification:_identify(.) by extensions ['python_setup_py']
[0.210s] Level 1:colcon.colcon_core.package_identification:_identify(.) by extension 'python_setup_py'
[0.210s] Level 1:colcon.colcon_core.package_identification:_identify(build) by extensions ['ignore', 'ignore_ament_install']
[0.210s] Level 1:colcon.colcon_core.package_identification:_identify(build) by extension 'ignore'
[0.210s] Level 1:colcon.colcon_core.package_identification:_identify(build) ignored
[0.210s] Level 1:colcon.colcon_core.package_identification:_identify(install) by extensions ['ignore', 'ignore_ament_install']
[0.210s] Level 1:colcon.colcon_core.package_identification:_identify(install) by extension 'ignore'
[0.210s] Level 1:colcon.colcon_core.package_identification:_identify(install) ignored
[0.211s] Level 1:colcon.colcon_core.package_identification:_identify(log) by extensions ['ignore', 'ignore_ament_install']
[0.211s] Level 1:colcon.colcon_core.package_identification:_identify(log) by extension 'ignore'
[0.211s] Level 1:colcon.colcon_core.package_identification:_identify(log) ignored
[0.211s] Level 1:colcon.colcon_core.package_identification:_identify(turtlebot3_A_star) by extensions ['ignore', 'ignore_ament_install']
[0.211s] Level 1:colcon.colcon_core.package_identification:_identify(turtlebot3_A_star) by extension 'ignore'
[0.211s] Level 1:colcon.colcon_core.package_identification:_identify(turtlebot3_A_star) by extension 'ignore_ament_install'
[0.211s] Level 1:colcon.colcon_core.package_identification:_identify(turtlebot3_A_star) by extensions ['colcon_pkg']
[0.211s] Level 1:colcon.colcon_core.package_identification:_identify(turtlebot3_A_star) by extension 'colcon_pkg'
[0.211s] Level 1:colcon.colcon_core.package_identification:_identify(turtlebot3_A_star) by extensions ['colcon_meta']
[0.211s] Level 1:colcon.colcon_core.package_identification:_identify(turtlebot3_A_star) by extension 'colcon_meta'
[0.211s] Level 1:colcon.colcon_core.package_identification:_identify(turtlebot3_A_star) by extensions ['ros']
[0.211s] Level 1:colcon.colcon_core.package_identification:_identify(turtlebot3_A_star) by extension 'ros'
[0.213s] DEBUG:colcon.colcon_core.package_identification:Package 'turtlebot3_A_star' with type 'ros.ament_python' and name 'turtlebot3_A_star'
[0.213s] Level 1:colcon.colcon_core.package_identification:_identify(turtlebot3_HighLevelControl) by extensions ['ignore', 'ignore_ament_install']
[0.213s] Level 1:colcon.colcon_core.package_identification:_identify(turtlebot3_HighLevelControl) by extension 'ignore'
[0.213s] Level 1:colcon.colcon_core.package_identification:_identify(turtlebot3_HighLevelControl) by extension 'ignore_ament_install'
[0.213s] Level 1:colcon.colcon_core.package_identification:_identify(turtlebot3_HighLevelControl) by extensions ['colcon_pkg']
[0.213s] Level 1:colcon.colcon_core.package_identification:_identify(turtlebot3_HighLevelControl) by extension 'colcon_pkg'
[0.213s] Level 1:colcon.colcon_core.package_identification:_identify(turtlebot3_HighLevelControl) by extensions ['colcon_meta']
[0.213s] Level 1:colcon.colcon_core.package_identification:_identify(turtlebot3_HighLevelControl) by extension 'colcon_meta'
[0.213s] Level 1:colcon.colcon_core.package_identification:_identify(turtlebot3_HighLevelControl) by extensions ['ros']
[0.213s] Level 1:colcon.colcon_core.package_identification:_identify(turtlebot3_HighLevelControl) by extension 'ros'
[0.214s] DEBUG:colcon.colcon_core.package_identification:Package 'turtlebot3_HighLevelControl' with type 'ros.ament_python' and name 'turtlebot3_HighLevelControl'
[0.214s] Level 1:colcon.colcon_core.package_identification:_identify(turtlebot3_NavSLAM) by extensions ['ignore', 'ignore_ament_install']
[0.214s] Level 1:colcon.colcon_core.package_identification:_identify(turtlebot3_NavSLAM) by extension 'ignore'
[0.214s] Level 1:colcon.colcon_core.package_identification:_identify(turtlebot3_NavSLAM) by extension 'ignore_ament_install'
[0.214s] Level 1:colcon.colcon_core.package_identification:_identify(turtlebot3_NavSLAM) by extensions ['colcon_pkg']
[0.214s] Level 1:colcon.colcon_core.package_identification:_identify(turtlebot3_NavSLAM) by extension 'colcon_pkg'
[0.214s] Level 1:colcon.colcon_core.package_identification:_identify(turtlebot3_NavSLAM) by extensions ['colcon_meta']
[0.214s] Level 1:colcon.colcon_core.package_identification:_identify(turtlebot3_NavSLAM) by extension 'colcon_meta'
[0.214s] Level 1:colcon.colcon_core.package_identification:_identify(turtlebot3_NavSLAM) by extensions ['ros']
[0.214s] Level 1:colcon.colcon_core.package_identification:_identify(turtlebot3_NavSLAM) by extension 'ros'
[0.214s] DEBUG:colcon.colcon_core.package_identification:Package 'turtlebot3_NavSLAM' with type 'ros.ament_python' and name 'turtlebot3_NavSLAM'
[0.214s] Level 1:colcon.colcon_core.package_identification:_identify(turtlebot3_description) by extensions ['ignore', 'ignore_ament_install']
[0.215s] Level 1:colcon.colcon_core.package_identification:_identify(turtlebot3_description) by extension 'ignore'
[0.215s] Level 1:colcon.colcon_core.package_identification:_identify(turtlebot3_description) by extension 'ignore_ament_install'
[0.215s] Level 1:colcon.colcon_core.package_identification:_identify(turtlebot3_description) by extensions ['colcon_pkg']
[0.215s] Level 1:colcon.colcon_core.package_identification:_identify(turtlebot3_description) by extension 'colcon_pkg'
[0.215s] Level 1:colcon.colcon_core.package_identification:_identify(turtlebot3_description) by extensions ['colcon_meta']
[0.215s] Level 1:colcon.colcon_core.package_identification:_identify(turtlebot3_description) by extension 'colcon_meta'
[0.215s] Level 1:colcon.colcon_core.package_identification:_identify(turtlebot3_description) by extensions ['ros']
[0.215s] Level 1:colcon.colcon_core.package_identification:_identify(turtlebot3_description) by extension 'ros'
[0.215s] DEBUG:colcon.colcon_core.package_identification:Package 'turtlebot3_description' with type 'ros.ament_cmake' and name 'turtlebot3_description'
[0.216s] Level 1:colcon.colcon_core.package_identification:_identify(turtlebot3_follow) by extensions ['ignore', 'ignore_ament_install']
[0.216s] Level 1:colcon.colcon_core.package_identification:_identify(turtlebot3_follow) by extension 'ignore'
[0.216s] Level 1:colcon.colcon_core.package_identification:_identify(turtlebot3_follow) by extension 'ignore_ament_install'
[0.216s] Level 1:colcon.colcon_core.package_identification:_identify(turtlebot3_follow) by extensions ['colcon_pkg']
[0.216s] Level 1:colcon.colcon_core.package_identification:_identify(turtlebot3_follow) by extension 'colcon_pkg'
[0.216s] Level 1:colcon.colcon_core.package_identification:_identify(turtlebot3_follow) by extensions ['colcon_meta']
[0.216s] Level 1:colcon.colcon_core.package_identification:_identify(turtlebot3_follow) by extension 'colcon_meta'
[0.216s] Level 1:colcon.colcon_core.package_identification:_identify(turtlebot3_follow) by extensions ['ros']
[0.216s] Level 1:colcon.colcon_core.package_identification:_identify(turtlebot3_follow) by extension 'ros'
[0.216s] DEBUG:colcon.colcon_core.package_identification:Package 'turtlebot3_follow' with type 'ros.ament_python' and name 'turtlebot3_follow'
[0.216s] Level 1:colcon.colcon_core.package_identification:_identify(turtlebot3_visualizer) by extensions ['ignore', 'ignore_ament_install']
[0.216s] Level 1:colcon.colcon_core.package_identification:_identify(turtlebot3_visualizer) by extension 'ignore'
[0.216s] Level 1:colcon.colcon_core.package_identification:_identify(turtlebot3_visualizer) by extension 'ignore_ament_install'
[0.216s] Level 1:colcon.colcon_core.package_identification:_identify(turtlebot3_visualizer) by extensions ['colcon_pkg']
[0.216s] Level 1:colcon.colcon_core.package_identification:_identify(turtlebot3_visualizer) by extension 'colcon_pkg'
[0.217s] Level 1:colcon.colcon_core.package_identification:_identify(turtlebot3_visualizer) by extensions ['colcon_meta']
[0.217s] Level 1:colcon.colcon_core.package_identification:_identify(turtlebot3_visualizer) by extension 'colcon_meta'
[0.217s] Level 1:colcon.colcon_core.package_identification:_identify(turtlebot3_visualizer) by extensions ['ros']
[0.217s] Level 1:colcon.colcon_core.package_identification:_identify(turtlebot3_visualizer) by extension 'ros'
[0.217s] DEBUG:colcon.colcon_core.package_identification:Package 'turtlebot3_visualizer' with type 'ros.ament_python' and name 'turtlebot3_visualizer'
[0.217s] Level 1:colcon.colcon_core.package_discovery:discover_packages(recursive) using defaults
[0.217s] Level 1:colcon.colcon_core.package_discovery:discover_packages(ignore) discover
[0.217s] Level 1:colcon.colcon_core.package_discovery:discover_packages(ignore) using defaults
[0.217s] Level 1:colcon.colcon_core.package_discovery:discover_packages(path) discover
[0.217s] Level 1:colcon.colcon_core.package_discovery:discover_packages(path) using defaults
