[1.179s] Invoking command in '/root/ws/ROS2Package/build/turtlebot3_HighLevelControl': PYTHONPATH=/root/ws/ROS2Package/build/turtlebot3_HighLevelControl/prefix_override:/root/ws/ROS2Package/install/turtlebot3_HighLevelControl/lib/python3.8/site-packages:${PYTHONPATH} /usr/bin/python3 -W ignore:setup.py install is deprecated setup.py develop --editable --build-directory /root/ws/ROS2Package/build/turtlebot3_HighLevelControl/build --no-deps symlink_data --force
[1.384s] running develop
[1.510s] running egg_info
[1.510s] writing turtlebot3_HighLevelControl.egg-info/PKG-INFO
[1.510s] writing dependency_links to turtlebot3_HighLevelControl.egg-info/dependency_links.txt
[1.510s] writing entry points to turtlebot3_HighLevelControl.egg-info/entry_points.txt
[1.510s] writing requirements to turtlebot3_HighLevelControl.egg-info/requires.txt
[1.510s] writing top-level names to turtlebot3_HighLevelControl.egg-info/top_level.txt
[1.553s] reading manifest file 'turtlebot3_HighLevelControl.egg-info/SOURCES.txt'
[1.554s] writing manifest file 'turtlebot3_HighLevelControl.egg-info/SOURCES.txt'
[1.600s] running build_ext
[1.600s] Creating /root/ws/ROS2Package/install/turtlebot3_HighLevelControl/lib/python3.8/site-packages/site.py
[1.603s] Creating /root/ws/ROS2Package/install/turtlebot3_HighLevelControl/lib/python3.8/site-packages/turtlebot3-HighLevelControl.egg-link (link to .)
[1.604s] Installing turtlebot3_HighLevelControl script to /root/ws/ROS2Package/install/turtlebot3_HighLevelControl/lib/turtlebot3_HighLevelControl
[1.605s] 
[1.605s] Installed /root/ws/ROS2Package/build/turtlebot3_HighLevelControl
[1.605s] running symlink_data
[1.605s] symbolically linking /root/ws/ROS2Package/build/turtlebot3_HighLevelControl/resource/turtlebot3_HighLevelControl -> /root/ws/ROS2Package/install/turtlebot3_HighLevelControl/share/ament_index/resource_index/packages
[1.605s] symbolically linking /root/ws/ROS2Package/build/turtlebot3_HighLevelControl/package.xml -> /root/ws/ROS2Package/install/turtlebot3_HighLevelControl/share/turtlebot3_HighLevelControl
[1.645s] Invoked command in '/root/ws/ROS2Package/build/turtlebot3_HighLevelControl' returned '0': PYTHONPATH=/root/ws/ROS2Package/build/turtlebot3_HighLevelControl/prefix_override:/root/ws/ROS2Package/install/turtlebot3_HighLevelControl/lib/python3.8/site-packages:${PYTHONPATH} /usr/bin/python3 -W ignore:setup.py install is deprecated setup.py develop --editable --build-directory /root/ws/ROS2Package/build/turtlebot3_HighLevelControl/build --no-deps symlink_data --force
