running egg_info
writing ../build/turtlebot3_A_star/turtlebot3_A_star.egg-info/PKG-INFO
writing dependency_links to ../build/turtlebot3_A_star/turtlebot3_A_star.egg-info/dependency_links.txt
writing entry points to ../build/turtlebot3_A_star/turtlebot3_A_star.egg-info/entry_points.txt
writing requirements to ../build/turtlebot3_A_star/turtlebot3_A_star.egg-info/requires.txt
writing top-level names to ../build/turtlebot3_A_star/turtlebot3_A_star.egg-info/top_level.txt
reading manifest file '../build/turtlebot3_A_star/turtlebot3_A_star.egg-info/SOURCES.txt'
writing manifest file '../build/turtlebot3_A_star/turtlebot3_A_star.egg-info/SOURCES.txt'
running build
running build_py
copying turtlebot3_A_star/A_star_planner.py -> /root/ws/ROS2Package/build/turtlebot3_A_star/build/lib/turtlebot3_A_star
running install
running install_lib
copying /root/ws/ROS2Package/build/turtlebot3_A_star/build/lib/turtlebot3_A_star/A_star_planner.py -> /root/ws/ROS2Package/install/turtlebot3_A_star/lib/python3.8/site-packages/turtlebot3_A_star
byte-compiling /root/ws/ROS2Package/install/turtlebot3_A_star/lib/python3.8/site-packages/turtlebot3_A_star/A_star_planner.py to A_star_planner.cpython-38.pyc
running install_data
running install_egg_info
removing '/root/ws/ROS2Package/install/turtlebot3_A_star/lib/python3.8/site-packages/turtlebot3_A_star-0.0.0-py3.8.egg-info' (and everything under it)
Copying ../build/turtlebot3_A_star/turtlebot3_A_star.egg-info to /root/ws/ROS2Package/install/turtlebot3_A_star/lib/python3.8/site-packages/turtlebot3_A_star-0.0.0-py3.8.egg-info
running install_scripts
writing list of installed files to '/root/ws/ROS2Package/build/turtlebot3_A_star/install.log'
