[1.679s] Invoking command in '/root/ws/ROS2Package/turtlebot3_A_star': PYTHONPATH=/root/ws/ROS2Package/build/turtlebot3_A_star/prefix_override:/root/ws/ROS2Package/install/turtlebot3_A_star/lib/python3.8/site-packages:${PYTHONPATH} /usr/bin/python3 -W ignore:setup.py install is deprecated setup.py egg_info --egg-base ../build/turtlebot3_A_star build --build-base /root/ws/ROS2Package/build/turtlebot3_A_star/build install --record /root/ws/ROS2Package/build/turtlebot3_A_star/install.log --single-version-externally-managed install_data
[1.903s] running egg_info
[1.904s] writing ../build/turtlebot3_A_star/turtlebot3_A_star.egg-info/PKG-INFO
[1.904s] writing dependency_links to ../build/turtlebot3_A_star/turtlebot3_A_star.egg-info/dependency_links.txt
[1.904s] writing entry points to ../build/turtlebot3_A_star/turtlebot3_A_star.egg-info/entry_points.txt
[1.904s] writing requirements to ../build/turtlebot3_A_star/turtlebot3_A_star.egg-info/requires.txt
[1.904s] writing top-level names to ../build/turtlebot3_A_star/turtlebot3_A_star.egg-info/top_level.txt
[1.990s] reading manifest file '../build/turtlebot3_A_star/turtlebot3_A_star.egg-info/SOURCES.txt'
[1.991s] writing manifest file '../build/turtlebot3_A_star/turtlebot3_A_star.egg-info/SOURCES.txt'
[1.991s] running build
[1.993s] running build_py
[1.993s] copying turtlebot3_A_star/A_star_planner.py -> /root/ws/ROS2Package/build/turtlebot3_A_star/build/lib/turtlebot3_A_star
[1.993s] running install
[1.993s] running install_lib
[1.994s] copying /root/ws/ROS2Package/build/turtlebot3_A_star/build/lib/turtlebot3_A_star/A_star_planner.py -> /root/ws/ROS2Package/install/turtlebot3_A_star/lib/python3.8/site-packages/turtlebot3_A_star
[1.995s] byte-compiling /root/ws/ROS2Package/install/turtlebot3_A_star/lib/python3.8/site-packages/turtlebot3_A_star/A_star_planner.py to A_star_planner.cpython-38.pyc
[1.998s] running install_data
[2.000s] running install_egg_info
[2.012s] removing '/root/ws/ROS2Package/install/turtlebot3_A_star/lib/python3.8/site-packages/turtlebot3_A_star-0.0.0-py3.8.egg-info' (and everything under it)
[2.013s] Copying ../build/turtlebot3_A_star/turtlebot3_A_star.egg-info to /root/ws/ROS2Package/install/turtlebot3_A_star/lib/python3.8/site-packages/turtlebot3_A_star-0.0.0-py3.8.egg-info
[2.014s] running install_scripts
[2.063s] writing list of installed files to '/root/ws/ROS2Package/build/turtlebot3_A_star/install.log'
[2.096s] Invoked command in '/root/ws/ROS2Package/turtlebot3_A_star' returned '0': PYTHONPATH=/root/ws/ROS2Package/build/turtlebot3_A_star/prefix_override:/root/ws/ROS2Package/install/turtlebot3_A_star/lib/python3.8/site-packages:${PYTHONPATH} /usr/bin/python3 -W ignore:setup.py install is deprecated setup.py egg_info --egg-base ../build/turtlebot3_A_star build --build-base /root/ws/ROS2Package/build/turtlebot3_A_star/build install --record /root/ws/ROS2Package/build/turtlebot3_A_star/install.log --single-version-externally-managed install_data
