[1.449s] Invoking command in '/root/ws/ROS2Package/turtlebot3_follow': PYTHONPATH=/root/ws/ROS2Package/build/turtlebot3_follow/prefix_override:/root/ws/ROS2Package/install/turtlebot3_follow/lib/python3.8/site-packages:${PYTHONPATH} /usr/bin/python3 -W ignore:setup.py install is deprecated setup.py egg_info --egg-base ../build/turtlebot3_follow build --build-base /root/ws/ROS2Package/build/turtlebot3_follow/build install --record /root/ws/ROS2Package/build/turtlebot3_follow/install.log --install-scripts $base/lib/turtlebot3_follow --single-version-externally-managed install_data
[1.651s] running egg_info
[1.652s] writing ../build/turtlebot3_follow/turtlebot3_follow.egg-info/PKG-INFO
[1.652s] writing dependency_links to ../build/turtlebot3_follow/turtlebot3_follow.egg-info/dependency_links.txt
[1.652s] writing entry points to ../build/turtlebot3_follow/turtlebot3_follow.egg-info/entry_points.txt
[1.652s] writing requirements to ../build/turtlebot3_follow/turtlebot3_follow.egg-info/requires.txt
[1.652s] writing top-level names to ../build/turtlebot3_follow/turtlebot3_follow.egg-info/top_level.txt
[1.689s] reading manifest file '../build/turtlebot3_follow/turtlebot3_follow.egg-info/SOURCES.txt'
[1.690s] writing manifest file '../build/turtlebot3_follow/turtlebot3_follow.egg-info/SOURCES.txt'
[1.690s] running build
[1.691s] running build_py
[1.691s] running install
[1.692s] running install_lib
[1.694s] running install_data
[1.694s] running install_egg_info
[1.696s] removing '/root/ws/ROS2Package/install/turtlebot3_follow/lib/python3.8/site-packages/turtlebot3_follow-0.0.0-py3.8.egg-info' (and everything under it)
[1.696s] Copying ../build/turtlebot3_follow/turtlebot3_follow.egg-info to /root/ws/ROS2Package/install/turtlebot3_follow/lib/python3.8/site-packages/turtlebot3_follow-0.0.0-py3.8.egg-info
[1.697s] running install_scripts
[1.717s] Installing turtlebot3_follow script to /root/ws/ROS2Package/install/turtlebot3_follow/lib/turtlebot3_follow
[1.717s] writing list of installed files to '/root/ws/ROS2Package/build/turtlebot3_follow/install.log'
[1.746s] Invoked command in '/root/ws/ROS2Package/turtlebot3_follow' returned '0': PYTHONPATH=/root/ws/ROS2Package/build/turtlebot3_follow/prefix_override:/root/ws/ROS2Package/install/turtlebot3_follow/lib/python3.8/site-packages:${PYTHONPATH} /usr/bin/python3 -W ignore:setup.py install is deprecated setup.py egg_info --egg-base ../build/turtlebot3_follow build --build-base /root/ws/ROS2Package/build/turtlebot3_follow/build install --record /root/ws/ROS2Package/build/turtlebot3_follow/install.log --install-scripts $base/lib/turtlebot3_follow --single-version-externally-managed install_data
