/root/ws/ROS2Package/install/turtlebot3_NavSLAM/lib/python3.8/site-packages/turtlebot3_NavSLAM/__init__.py
/root/ws/ROS2Package/install/turtlebot3_NavSLAM/lib/python3.8/site-packages/turtlebot3_NavSLAM/__pycache__/__init__.cpython-38.pyc
/root/ws/ROS2Package/install/turtlebot3_NavSLAM/share/ament_index/resource_index/packages/turtlebot3_NavSLAM
/root/ws/ROS2Package/install/turtlebot3_NavSLAM/share/turtlebot3_NavSLAM/package.xml
/root/ws/ROS2Package/install/turtlebot3_NavSLAM/share/turtlebot3_NavSLAM/launch/turtlebot3_SLAM.launch.py
/root/ws/ROS2Package/install/turtlebot3_NavSLAM/share/turtlebot3_NavSLAM/launch/turtlebot3_AMCL.launch.py
/root/ws/ROS2Package/install/turtlebot3_NavSLAM/share/turtlebot3_NavSLAM/launch/turtlebot3_NAV2.launch.py
/root/ws/ROS2Package/install/turtlebot3_NavSLAM/share/turtlebot3_NavSLAM/config/bt_config.xml
/root/ws/ROS2Package/install/turtlebot3_NavSLAM/share/turtlebot3_NavSLAM/config/SLAM_param.yaml
/root/ws/ROS2Package/install/turtlebot3_NavSLAM/share/turtlebot3_NavSLAM/config/NAV2_param.yaml
/root/ws/ROS2Package/install/turtlebot3_NavSLAM/share/turtlebot3_NavSLAM/rviz
/root/ws/ROS2Package/install/turtlebot3_NavSLAM/share/turtlebot3_NavSLAM/map/test.pgm
/root/ws/ROS2Package/install/turtlebot3_NavSLAM/share/turtlebot3_NavSLAM/map/test.yaml
/root/ws/ROS2Package/install/turtlebot3_NavSLAM/lib/python3.8/site-packages/turtlebot3_NavSLAM-0.0.0-py3.8.egg-info/PKG-INFO
/root/ws/ROS2Package/install/turtlebot3_NavSLAM/lib/python3.8/site-packages/turtlebot3_NavSLAM-0.0.0-py3.8.egg-info/entry_points.txt
/root/ws/ROS2Package/install/turtlebot3_NavSLAM/lib/python3.8/site-packages/turtlebot3_NavSLAM-0.0.0-py3.8.egg-info/requires.txt
/root/ws/ROS2Package/install/turtlebot3_NavSLAM/lib/python3.8/site-packages/turtlebot3_NavSLAM-0.0.0-py3.8.egg-info/SOURCES.txt
/root/ws/ROS2Package/install/turtlebot3_NavSLAM/lib/python3.8/site-packages/turtlebot3_NavSLAM-0.0.0-py3.8.egg-info/top_level.txt
/root/ws/ROS2Package/install/turtlebot3_NavSLAM/lib/python3.8/site-packages/turtlebot3_NavSLAM-0.0.0-py3.8.egg-info/dependency_links.txt
/root/ws/ROS2Package/install/turtlebot3_NavSLAM/lib/python3.8/site-packages/turtlebot3_NavSLAM-0.0.0-py3.8.egg-info/zip-safe
