[1.767s] Invoking command in '/root/ws/ROS2Package/turtlebot3_follow': PYTHONPATH=/root/ws/ROS2Package/build/turtlebot3_follow/prefix_override:/root/ws/ROS2Package/install/turtlebot3_follow/lib/python3.8/site-packages:${PYTHONPATH} /usr/bin/python3 -W ignore:setup.py install is deprecated setup.py egg_info --egg-base ../build/turtlebot3_follow build --build-base /root/ws/ROS2Package/build/turtlebot3_follow/build install --record /root/ws/ROS2Package/build/turtlebot3_follow/install.log --install-scripts $base/lib/turtlebot3_follow --single-version-externally-managed install_data
[2.144s] running egg_info
[2.144s] writing ../build/turtlebot3_follow/turtlebot3_follow.egg-info/PKG-INFO
[2.144s] writing dependency_links to ../build/turtlebot3_follow/turtlebot3_follow.egg-info/dependency_links.txt
[2.145s] writing entry points to ../build/turtlebot3_follow/turtlebot3_follow.egg-info/entry_points.txt
[2.145s] writing requirements to ../build/turtlebot3_follow/turtlebot3_follow.egg-info/requires.txt
[2.145s] writing top-level names to ../build/turtlebot3_follow/turtlebot3_follow.egg-info/top_level.txt
[2.184s] reading manifest file '../build/turtlebot3_follow/turtlebot3_follow.egg-info/SOURCES.txt'
[2.184s] writing manifest file '../build/turtlebot3_follow/turtlebot3_follow.egg-info/SOURCES.txt'
[2.184s] running build
[2.184s] running build_py
[2.185s] running install
[2.186s] running install_lib
[2.187s] running install_data
[2.187s] running install_egg_info
[2.190s] removing '/root/ws/ROS2Package/install/turtlebot3_follow/lib/python3.8/site-packages/turtlebot3_follow-0.0.0-py3.8.egg-info' (and everything under it)
[2.190s] Copying ../build/turtlebot3_follow/turtlebot3_follow.egg-info to /root/ws/ROS2Package/install/turtlebot3_follow/lib/python3.8/site-packages/turtlebot3_follow-0.0.0-py3.8.egg-info
[2.191s] running install_scripts
[2.210s] Installing turtlebot3_follow script to /root/ws/ROS2Package/install/turtlebot3_follow/lib/turtlebot3_follow
[2.210s] writing list of installed files to '/root/ws/ROS2Package/build/turtlebot3_follow/install.log'
[2.233s] Invoked command in '/root/ws/ROS2Package/turtlebot3_follow' returned '0': PYTHONPATH=/root/ws/ROS2Package/build/turtlebot3_follow/prefix_override:/root/ws/ROS2Package/install/turtlebot3_follow/lib/python3.8/site-packages:${PYTHONPATH} /usr/bin/python3 -W ignore:setup.py install is deprecated setup.py egg_info --egg-base ../build/turtlebot3_follow build --build-base /root/ws/ROS2Package/build/turtlebot3_follow/build install --record /root/ws/ROS2Package/build/turtlebot3_follow/install.log --install-scripts $base/lib/turtlebot3_follow --single-version-externally-managed install_data
