[1.194s] Invoking command in '/root/ws/ROS2Package/turtlebot3_NavSLAM': PYTHONPATH=/root/ws/ROS2Package/build/turtlebot3_NavSLAM/prefix_override:/root/ws/ROS2Package/install/turtlebot3_NavSLAM/lib/python3.8/site-packages:${PYTHONPATH} /usr/bin/python3 -W ignore:setup.py install is deprecated setup.py egg_info --egg-base ../build/turtlebot3_NavSLAM build --build-base /root/ws/ROS2Package/build/turtlebot3_NavSLAM/build install --record /root/ws/ROS2Package/build/turtlebot3_NavSLAM/install.log --install-scripts $base/lib/turtlebot3_NavSLAM --single-version-externally-managed install_data
[1.348s] running egg_info
[1.348s] creating ../build/turtlebot3_NavSLAM/turtlebot3_NavSLAM.egg-info
[1.350s] writing ../build/turtlebot3_NavSLAM/turtlebot3_NavSLAM.egg-info/PKG-INFO
[1.350s] writing dependency_links to ../build/turtlebot3_NavSLAM/turtlebot3_NavSLAM.egg-info/dependency_links.txt
[1.350s] writing entry points to ../build/turtlebot3_NavSLAM/turtlebot3_NavSLAM.egg-info/entry_points.txt
[1.350s] writing requirements to ../build/turtlebot3_NavSLAM/turtlebot3_NavSLAM.egg-info/requires.txt
[1.350s] writing top-level names to ../build/turtlebot3_NavSLAM/turtlebot3_NavSLAM.egg-info/top_level.txt
[1.350s] writing manifest file '../build/turtlebot3_NavSLAM/turtlebot3_NavSLAM.egg-info/SOURCES.txt'
[1.375s] reading manifest file '../build/turtlebot3_NavSLAM/turtlebot3_NavSLAM.egg-info/SOURCES.txt'
[1.376s] writing manifest file '../build/turtlebot3_NavSLAM/turtlebot3_NavSLAM.egg-info/SOURCES.txt'
[1.376s] running build
[1.376s] running build_py
[1.376s] creating /root/ws/ROS2Package/build/turtlebot3_NavSLAM/build
[1.376s] creating /root/ws/ROS2Package/build/turtlebot3_NavSLAM/build/lib
[1.376s] creating /root/ws/ROS2Package/build/turtlebot3_NavSLAM/build/lib/turtlebot3_NavSLAM
[1.376s] copying turtlebot3_NavSLAM/__init__.py -> /root/ws/ROS2Package/build/turtlebot3_NavSLAM/build/lib/turtlebot3_NavSLAM
[1.376s] running install
[1.377s] running install_lib
[1.377s] creating /root/ws/ROS2Package/install/turtlebot3_NavSLAM/lib/python3.8/site-packages/turtlebot3_NavSLAM
[1.378s] copying /root/ws/ROS2Package/build/turtlebot3_NavSLAM/build/lib/turtlebot3_NavSLAM/__init__.py -> /root/ws/ROS2Package/install/turtlebot3_NavSLAM/lib/python3.8/site-packages/turtlebot3_NavSLAM
[1.378s] byte-compiling /root/ws/ROS2Package/install/turtlebot3_NavSLAM/lib/python3.8/site-packages/turtlebot3_NavSLAM/__init__.py to __init__.cpython-38.pyc
[1.379s] running install_data
[1.379s] creating /root/ws/ROS2Package/install/turtlebot3_NavSLAM/share/ament_index
[1.379s] creating /root/ws/ROS2Package/install/turtlebot3_NavSLAM/share/ament_index/resource_index
[1.379s] creating /root/ws/ROS2Package/install/turtlebot3_NavSLAM/share/ament_index/resource_index/packages
[1.379s] copying resource/turtlebot3_NavSLAM -> /root/ws/ROS2Package/install/turtlebot3_NavSLAM/share/ament_index/resource_index/packages
[1.379s] copying package.xml -> /root/ws/ROS2Package/install/turtlebot3_NavSLAM/share/turtlebot3_NavSLAM
[1.379s] creating /root/ws/ROS2Package/install/turtlebot3_NavSLAM/share/turtlebot3_NavSLAM/launch
[1.379s] copying launch/turtlebot3_SLAM.launch.py -> /root/ws/ROS2Package/install/turtlebot3_NavSLAM/share/turtlebot3_NavSLAM/launch
[1.380s] copying launch/turtlebot3_AMCL.launch.py -> /root/ws/ROS2Package/install/turtlebot3_NavSLAM/share/turtlebot3_NavSLAM/launch
[1.380s] copying launch/turtlebot3_NAV2.launch.py -> /root/ws/ROS2Package/install/turtlebot3_NavSLAM/share/turtlebot3_NavSLAM/launch
[1.380s] creating /root/ws/ROS2Package/install/turtlebot3_NavSLAM/share/turtlebot3_NavSLAM/config
[1.380s] copying config/bt_config.xml -> /root/ws/ROS2Package/install/turtlebot3_NavSLAM/share/turtlebot3_NavSLAM/config
[1.380s] copying config/SLAM_param.yaml -> /root/ws/ROS2Package/install/turtlebot3_NavSLAM/share/turtlebot3_NavSLAM/config
[1.380s] copying config/NAV2_param.yaml -> /root/ws/ROS2Package/install/turtlebot3_NavSLAM/share/turtlebot3_NavSLAM/config
[1.381s] creating /root/ws/ROS2Package/install/turtlebot3_NavSLAM/share/turtlebot3_NavSLAM/rviz
[1.381s] creating /root/ws/ROS2Package/install/turtlebot3_NavSLAM/share/turtlebot3_NavSLAM/map
[1.381s] copying map/test.pgm -> /root/ws/ROS2Package/install/turtlebot3_NavSLAM/share/turtlebot3_NavSLAM/map
[1.381s] copying map/test.yaml -> /root/ws/ROS2Package/install/turtlebot3_NavSLAM/share/turtlebot3_NavSLAM/map
[1.381s] running install_egg_info
[1.383s] Copying ../build/turtlebot3_NavSLAM/turtlebot3_NavSLAM.egg-info to /root/ws/ROS2Package/install/turtlebot3_NavSLAM/lib/python3.8/site-packages/turtlebot3_NavSLAM-0.0.0-py3.8.egg-info
[1.383s] running install_scripts
[1.399s] writing list of installed files to '/root/ws/ROS2Package/build/turtlebot3_NavSLAM/install.log'
[1.422s] Invoked command in '/root/ws/ROS2Package/turtlebot3_NavSLAM' returned '0': PYTHONPATH=/root/ws/ROS2Package/build/turtlebot3_NavSLAM/prefix_override:/root/ws/ROS2Package/install/turtlebot3_NavSLAM/lib/python3.8/site-packages:${PYTHONPATH} /usr/bin/python3 -W ignore:setup.py install is deprecated setup.py egg_info --egg-base ../build/turtlebot3_NavSLAM build --build-base /root/ws/ROS2Package/build/turtlebot3_NavSLAM/build install --record /root/ws/ROS2Package/build/turtlebot3_NavSLAM/install.log --install-scripts $base/lib/turtlebot3_NavSLAM --single-version-externally-managed install_data
