[1.797s] Invoking command in '/root/ws/ROS2Package/turtlebot3_HighLevelControl': PYTHONPATH=/root/ws/ROS2Package/build/turtlebot3_HighLevelControl/prefix_override:/root/ws/ROS2Package/install/turtlebot3_HighLevelControl/lib/python3.8/site-packages:${PYTHONPATH} /usr/bin/python3 -W ignore:setup.py install is deprecated setup.py egg_info --egg-base ../build/turtlebot3_HighLevelControl build --build-base /root/ws/ROS2Package/build/turtlebot3_HighLevelControl/build install --record /root/ws/ROS2Package/build/turtlebot3_HighLevelControl/install.log --install-scripts $base/lib/turtlebot3_HighLevelControl --single-version-externally-managed install_data
[2.174s] running egg_info
[2.175s] writing ../build/turtlebot3_HighLevelControl/turtlebot3_HighLevelControl.egg-info/PKG-INFO
[2.175s] writing dependency_links to ../build/turtlebot3_HighLevelControl/turtlebot3_HighLevelControl.egg-info/dependency_links.txt
[2.175s] writing entry points to ../build/turtlebot3_HighLevelControl/turtlebot3_HighLevelControl.egg-info/entry_points.txt
[2.175s] writing requirements to ../build/turtlebot3_HighLevelControl/turtlebot3_HighLevelControl.egg-info/requires.txt
[2.175s] writing top-level names to ../build/turtlebot3_HighLevelControl/turtlebot3_HighLevelControl.egg-info/top_level.txt
[2.211s] reading manifest file '../build/turtlebot3_HighLevelControl/turtlebot3_HighLevelControl.egg-info/SOURCES.txt'
[2.212s] writing manifest file '../build/turtlebot3_HighLevelControl/turtlebot3_HighLevelControl.egg-info/SOURCES.txt'
[2.212s] running build
[2.212s] running build_py
[2.212s] running install
[2.213s] running install_lib
[2.215s] running install_data
[2.215s] running install_egg_info
[2.217s] removing '/root/ws/ROS2Package/install/turtlebot3_HighLevelControl/lib/python3.8/site-packages/turtlebot3_HighLevelControl-0.0.0-py3.8.egg-info' (and everything under it)
[2.217s] Copying ../build/turtlebot3_HighLevelControl/turtlebot3_HighLevelControl.egg-info to /root/ws/ROS2Package/install/turtlebot3_HighLevelControl/lib/python3.8/site-packages/turtlebot3_HighLevelControl-0.0.0-py3.8.egg-info
[2.218s] running install_scripts
[2.236s] Installing turtlebot3_HighLevelControl script to /root/ws/ROS2Package/install/turtlebot3_HighLevelControl/lib/turtlebot3_HighLevelControl
[2.236s] writing list of installed files to '/root/ws/ROS2Package/build/turtlebot3_HighLevelControl/install.log'
[2.260s] Invoked command in '/root/ws/ROS2Package/turtlebot3_HighLevelControl' returned '0': PYTHONPATH=/root/ws/ROS2Package/build/turtlebot3_HighLevelControl/prefix_override:/root/ws/ROS2Package/install/turtlebot3_HighLevelControl/lib/python3.8/site-packages:${PYTHONPATH} /usr/bin/python3 -W ignore:setup.py install is deprecated setup.py egg_info --egg-base ../build/turtlebot3_HighLevelControl build --build-base /root/ws/ROS2Package/build/turtlebot3_HighLevelControl/build install --record /root/ws/ROS2Package/build/turtlebot3_HighLevelControl/install.log --install-scripts $base/lib/turtlebot3_HighLevelControl --single-version-externally-managed install_data
