[1.711s] Invoking command in '/root/ws/ROS2Package/turtlebot3_visualizer': PYTHONPATH=/root/ws/ROS2Package/build/turtlebot3_visualizer/prefix_override:/root/ws/ROS2Package/install/turtlebot3_visualizer/lib/python3.8/site-packages:${PYTHONPATH} /usr/bin/python3 -W ignore:setup.py install is deprecated setup.py egg_info --egg-base ../build/turtlebot3_visualizer build --build-base /root/ws/ROS2Package/build/turtlebot3_visualizer/build install --record /root/ws/ROS2Package/build/turtlebot3_visualizer/install.log --install-scripts $base/lib/turtlebot3_visualizer --single-version-externally-managed install_data
[2.135s] running egg_info
[2.135s] writing ../build/turtlebot3_visualizer/turtlebot3_visualizer.egg-info/PKG-INFO
[2.135s] writing dependency_links to ../build/turtlebot3_visualizer/turtlebot3_visualizer.egg-info/dependency_links.txt
[2.136s] writing entry points to ../build/turtlebot3_visualizer/turtlebot3_visualizer.egg-info/entry_points.txt
[2.136s] writing requirements to ../build/turtlebot3_visualizer/turtlebot3_visualizer.egg-info/requires.txt
[2.136s] writing top-level names to ../build/turtlebot3_visualizer/turtlebot3_visualizer.egg-info/top_level.txt
[2.185s] reading manifest file '../build/turtlebot3_visualizer/turtlebot3_visualizer.egg-info/SOURCES.txt'
[2.187s] writing manifest file '../build/turtlebot3_visualizer/turtlebot3_visualizer.egg-info/SOURCES.txt'
[2.187s] running build
[2.187s] running build_py
[2.187s] running install
[2.188s] running install_lib
[2.191s] running install_data
[2.191s] running install_egg_info
[2.194s] removing '/root/ws/ROS2Package/install/turtlebot3_visualizer/lib/python3.8/site-packages/turtlebot3_visualizer-0.0.0-py3.8.egg-info' (and everything under it)
[2.195s] Copying ../build/turtlebot3_visualizer/turtlebot3_visualizer.egg-info to /root/ws/ROS2Package/install/turtlebot3_visualizer/lib/python3.8/site-packages/turtlebot3_visualizer-0.0.0-py3.8.egg-info
[2.196s] running install_scripts
[2.222s] writing list of installed files to '/root/ws/ROS2Package/build/turtlebot3_visualizer/install.log'
[2.263s] Invoked command in '/root/ws/ROS2Package/turtlebot3_visualizer' returned '0': PYTHONPATH=/root/ws/ROS2Package/build/turtlebot3_visualizer/prefix_override:/root/ws/ROS2Package/install/turtlebot3_visualizer/lib/python3.8/site-packages:${PYTHONPATH} /usr/bin/python3 -W ignore:setup.py install is deprecated setup.py egg_info --egg-base ../build/turtlebot3_visualizer build --build-base /root/ws/ROS2Package/build/turtlebot3_visualizer/build install --record /root/ws/ROS2Package/build/turtlebot3_visualizer/install.log --install-scripts $base/lib/turtlebot3_visualizer --single-version-externally-managed install_data
