[1.568s] Invoking command in '/root/ws/ROS2Package/turtlebot3_NavSLAM': PYTHONPATH=/root/ws/ROS2Package/build/turtlebot3_NavSLAM/prefix_override:/root/ws/ROS2Package/install/turtlebot3_NavSLAM/lib/python3.8/site-packages:${PYTHONPATH} /usr/bin/python3 -W ignore:setup.py install is deprecated setup.py egg_info --egg-base ../build/turtlebot3_NavSLAM build --build-base /root/ws/ROS2Package/build/turtlebot3_NavSLAM/build install --record /root/ws/ROS2Package/build/turtlebot3_NavSLAM/install.log --install-scripts $base/lib/turtlebot3_NavSLAM --single-version-externally-managed install_data
[1.841s] running egg_info
[1.842s] creating ../build/turtlebot3_NavSLAM/turtlebot3_NavSLAM.egg-info
[1.842s] writing ../build/turtlebot3_NavSLAM/turtlebot3_NavSLAM.egg-info/PKG-INFO
[1.842s] writing dependency_links to ../build/turtlebot3_NavSLAM/turtlebot3_NavSLAM.egg-info/dependency_links.txt
[1.843s] writing entry points to ../build/turtlebot3_NavSLAM/turtlebot3_NavSLAM.egg-info/entry_points.txt
[1.843s] writing requirements to ../build/turtlebot3_NavSLAM/turtlebot3_NavSLAM.egg-info/requires.txt
[1.843s] writing top-level names to ../build/turtlebot3_NavSLAM/turtlebot3_NavSLAM.egg-info/top_level.txt
[1.844s] writing manifest file '../build/turtlebot3_NavSLAM/turtlebot3_NavSLAM.egg-info/SOURCES.txt'
[1.893s] reading manifest file '../build/turtlebot3_NavSLAM/turtlebot3_NavSLAM.egg-info/SOURCES.txt'
[1.895s] writing manifest file '../build/turtlebot3_NavSLAM/turtlebot3_NavSLAM.egg-info/SOURCES.txt'
[1.895s] running build
[1.895s] running build_py
[1.895s] creating /root/ws/ROS2Package/build/turtlebot3_NavSLAM/build
[1.897s] creating /root/ws/ROS2Package/build/turtlebot3_NavSLAM/build/lib
[1.897s] creating /root/ws/ROS2Package/build/turtlebot3_NavSLAM/build/lib/turtlebot3_NavSLAM
[1.897s] copying turtlebot3_NavSLAM/__init__.py -> /root/ws/ROS2Package/build/turtlebot3_NavSLAM/build/lib/turtlebot3_NavSLAM
[1.897s] running install
[1.899s] running install_lib
[1.900s] creating /root/ws/ROS2Package/install/turtlebot3_NavSLAM/lib/python3.8/site-packages/turtlebot3_NavSLAM
[1.900s] copying /root/ws/ROS2Package/build/turtlebot3_NavSLAM/build/lib/turtlebot3_NavSLAM/__init__.py -> /root/ws/ROS2Package/install/turtlebot3_NavSLAM/lib/python3.8/site-packages/turtlebot3_NavSLAM
[1.900s] byte-compiling /root/ws/ROS2Package/install/turtlebot3_NavSLAM/lib/python3.8/site-packages/turtlebot3_NavSLAM/__init__.py to __init__.cpython-38.pyc
[1.900s] running install_data
[1.901s] creating /root/ws/ROS2Package/install/turtlebot3_NavSLAM/share/ament_index
[1.901s] creating /root/ws/ROS2Package/install/turtlebot3_NavSLAM/share/ament_index/resource_index
[1.901s] creating /root/ws/ROS2Package/install/turtlebot3_NavSLAM/share/ament_index/resource_index/packages
[1.901s] copying resource/turtlebot3_NavSLAM -> /root/ws/ROS2Package/install/turtlebot3_NavSLAM/share/ament_index/resource_index/packages
[1.901s] copying package.xml -> /root/ws/ROS2Package/install/turtlebot3_NavSLAM/share/turtlebot3_NavSLAM
[1.902s] creating /root/ws/ROS2Package/install/turtlebot3_NavSLAM/share/turtlebot3_NavSLAM/launch
[1.902s] copying launch/turtlebot3_SLAM.launch.py -> /root/ws/ROS2Package/install/turtlebot3_NavSLAM/share/turtlebot3_NavSLAM/launch
[1.902s] copying launch/turtlebot3_AMCL.launch.py -> /root/ws/ROS2Package/install/turtlebot3_NavSLAM/share/turtlebot3_NavSLAM/launch
[1.902s] copying launch/turtlebot3_NAV2.launch.py -> /root/ws/ROS2Package/install/turtlebot3_NavSLAM/share/turtlebot3_NavSLAM/launch
[1.902s] creating /root/ws/ROS2Package/install/turtlebot3_NavSLAM/share/turtlebot3_NavSLAM/config
[1.902s] copying config/bt_config.xml -> /root/ws/ROS2Package/install/turtlebot3_NavSLAM/share/turtlebot3_NavSLAM/config
[1.902s] copying config/SLAM_param.yaml -> /root/ws/ROS2Package/install/turtlebot3_NavSLAM/share/turtlebot3_NavSLAM/config
[1.903s] copying config/NAV2_param.yaml -> /root/ws/ROS2Package/install/turtlebot3_NavSLAM/share/turtlebot3_NavSLAM/config
[1.903s] creating /root/ws/ROS2Package/install/turtlebot3_NavSLAM/share/turtlebot3_NavSLAM/rviz
[1.903s] creating /root/ws/ROS2Package/install/turtlebot3_NavSLAM/share/turtlebot3_NavSLAM/map
[1.903s] copying map/test.pgm -> /root/ws/ROS2Package/install/turtlebot3_NavSLAM/share/turtlebot3_NavSLAM/map
[1.903s] copying map/test.yaml -> /root/ws/ROS2Package/install/turtlebot3_NavSLAM/share/turtlebot3_NavSLAM/map
[1.903s] running install_egg_info
[1.905s] Copying ../build/turtlebot3_NavSLAM/turtlebot3_NavSLAM.egg-info to /root/ws/ROS2Package/install/turtlebot3_NavSLAM/lib/python3.8/site-packages/turtlebot3_NavSLAM-0.0.0-py3.8.egg-info
[1.906s] running install_scripts
[1.934s] writing list of installed files to '/root/ws/ROS2Package/build/turtlebot3_NavSLAM/install.log'
[1.983s] Invoked command in '/root/ws/ROS2Package/turtlebot3_NavSLAM' returned '0': PYTHONPATH=/root/ws/ROS2Package/build/turtlebot3_NavSLAM/prefix_override:/root/ws/ROS2Package/install/turtlebot3_NavSLAM/lib/python3.8/site-packages:${PYTHONPATH} /usr/bin/python3 -W ignore:setup.py install is deprecated setup.py egg_info --egg-base ../build/turtlebot3_NavSLAM build --build-base /root/ws/ROS2Package/build/turtlebot3_NavSLAM/build install --record /root/ws/ROS2Package/build/turtlebot3_NavSLAM/install.log --install-scripts $base/lib/turtlebot3_NavSLAM --single-version-externally-managed install_data
